ARM GAS  C:\Users\minhp\AppData\Local\Temp\cccLAGhR.s 			page 1


   1              		.cpu cortex-m4
   2              		.arch armv7e-m
   3              		.fpu fpv4-sp-d16
   4              		.eabi_attribute 27, 1
   5              		.eabi_attribute 28, 1
   6              		.eabi_attribute 20, 1
   7              		.eabi_attribute 21, 1
   8              		.eabi_attribute 23, 3
   9              		.eabi_attribute 24, 1
  10              		.eabi_attribute 25, 1
  11              		.eabi_attribute 26, 1
  12              		.eabi_attribute 30, 1
  13              		.eabi_attribute 34, 1
  14              		.eabi_attribute 18, 4
  15              		.file	"gpio.c"
  16              		.text
  17              	.Ltext0:
  18              		.cfi_sections	.debug_frame
  19              		.section	.text.MX_GPIO_Init,"ax",%progbits
  20              		.align	1
  21              		.global	MX_GPIO_Init
  22              		.syntax unified
  23              		.thumb
  24              		.thumb_func
  26              	MX_GPIO_Init:
  27              	.LFB130:
  28              		.file 1 "Core/Src/gpio.c"
   1:Core/Src/gpio.c **** /* USER CODE BEGIN Header */
   2:Core/Src/gpio.c **** /**
   3:Core/Src/gpio.c ****   ******************************************************************************
   4:Core/Src/gpio.c ****   * @file    gpio.c
   5:Core/Src/gpio.c ****   * @brief   This file provides code for the configuration
   6:Core/Src/gpio.c ****   *          of all used GPIO pins.
   7:Core/Src/gpio.c ****   ******************************************************************************
   8:Core/Src/gpio.c ****   * @attention
   9:Core/Src/gpio.c ****   *
  10:Core/Src/gpio.c ****   * Copyright (c) 2023 STMicroelectronics.
  11:Core/Src/gpio.c ****   * All rights reserved.
  12:Core/Src/gpio.c ****   *
  13:Core/Src/gpio.c ****   * This software is licensed under terms that can be found in the LICENSE file
  14:Core/Src/gpio.c ****   * in the root directory of this software component.
  15:Core/Src/gpio.c ****   * If no LICENSE file comes with this software, it is provided AS-IS.
  16:Core/Src/gpio.c ****   *
  17:Core/Src/gpio.c ****   ******************************************************************************
  18:Core/Src/gpio.c ****   */
  19:Core/Src/gpio.c **** /* USER CODE END Header */
  20:Core/Src/gpio.c **** 
  21:Core/Src/gpio.c **** /* Includes ------------------------------------------------------------------*/
  22:Core/Src/gpio.c **** #include "gpio.h"
  23:Core/Src/gpio.c **** 
  24:Core/Src/gpio.c **** /* USER CODE BEGIN 0 */
  25:Core/Src/gpio.c **** 
  26:Core/Src/gpio.c **** /* USER CODE END 0 */
  27:Core/Src/gpio.c **** 
  28:Core/Src/gpio.c **** /*----------------------------------------------------------------------------*/
  29:Core/Src/gpio.c **** /* Configure GPIO                                                             */
  30:Core/Src/gpio.c **** /*----------------------------------------------------------------------------*/
ARM GAS  C:\Users\minhp\AppData\Local\Temp\cccLAGhR.s 			page 2


  31:Core/Src/gpio.c **** /* USER CODE BEGIN 1 */
  32:Core/Src/gpio.c **** 
  33:Core/Src/gpio.c **** /* USER CODE END 1 */
  34:Core/Src/gpio.c **** 
  35:Core/Src/gpio.c **** /** Configure pins as
  36:Core/Src/gpio.c ****         * Analog
  37:Core/Src/gpio.c ****         * Input
  38:Core/Src/gpio.c ****         * Output
  39:Core/Src/gpio.c ****         * EVENT_OUT
  40:Core/Src/gpio.c ****         * EXTI
  41:Core/Src/gpio.c ****         * Free pins are configured automatically as Analog (this feature is enabled through
  42:Core/Src/gpio.c ****         * the Code Generation settings)
  43:Core/Src/gpio.c **** */
  44:Core/Src/gpio.c **** void MX_GPIO_Init(void)
  45:Core/Src/gpio.c **** {
  29              		.loc 1 45 1 view -0
  30              		.cfi_startproc
  31              		@ args = 0, pretend = 0, frame = 40
  32              		@ frame_needed = 0, uses_anonymous_args = 0
  33 0000 70B5     		push	{r4, r5, r6, lr}
  34              	.LCFI0:
  35              		.cfi_def_cfa_offset 16
  36              		.cfi_offset 4, -16
  37              		.cfi_offset 5, -12
  38              		.cfi_offset 6, -8
  39              		.cfi_offset 14, -4
  40 0002 8AB0     		sub	sp, sp, #40
  41              	.LCFI1:
  42              		.cfi_def_cfa_offset 56
  46:Core/Src/gpio.c **** 
  47:Core/Src/gpio.c ****   GPIO_InitTypeDef GPIO_InitStruct = {0};
  43              		.loc 1 47 3 view .LVU1
  44              		.loc 1 47 20 is_stmt 0 view .LVU2
  45 0004 0024     		movs	r4, #0
  46 0006 0594     		str	r4, [sp, #20]
  47 0008 0694     		str	r4, [sp, #24]
  48 000a 0794     		str	r4, [sp, #28]
  49 000c 0894     		str	r4, [sp, #32]
  50 000e 0994     		str	r4, [sp, #36]
  48:Core/Src/gpio.c **** 
  49:Core/Src/gpio.c ****   /* GPIO Ports Clock Enable */
  50:Core/Src/gpio.c ****   __HAL_RCC_GPIOC_CLK_ENABLE();
  51              		.loc 1 50 3 is_stmt 1 view .LVU3
  52              	.LBB2:
  53              		.loc 1 50 3 view .LVU4
  54 0010 0094     		str	r4, [sp]
  55              		.loc 1 50 3 view .LVU5
  56 0012 314B     		ldr	r3, .L3
  57 0014 1A6B     		ldr	r2, [r3, #48]
  58 0016 42F00402 		orr	r2, r2, #4
  59 001a 1A63     		str	r2, [r3, #48]
  60              		.loc 1 50 3 view .LVU6
  61 001c 1A6B     		ldr	r2, [r3, #48]
  62 001e 02F00402 		and	r2, r2, #4
  63 0022 0092     		str	r2, [sp]
  64              		.loc 1 50 3 view .LVU7
  65 0024 009A     		ldr	r2, [sp]
ARM GAS  C:\Users\minhp\AppData\Local\Temp\cccLAGhR.s 			page 3


  66              	.LBE2:
  67              		.loc 1 50 3 view .LVU8
  51:Core/Src/gpio.c ****   __HAL_RCC_GPIOH_CLK_ENABLE();
  68              		.loc 1 51 3 view .LVU9
  69              	.LBB3:
  70              		.loc 1 51 3 view .LVU10
  71 0026 0194     		str	r4, [sp, #4]
  72              		.loc 1 51 3 view .LVU11
  73 0028 1A6B     		ldr	r2, [r3, #48]
  74 002a 42F08002 		orr	r2, r2, #128
  75 002e 1A63     		str	r2, [r3, #48]
  76              		.loc 1 51 3 view .LVU12
  77 0030 1A6B     		ldr	r2, [r3, #48]
  78 0032 02F08002 		and	r2, r2, #128
  79 0036 0192     		str	r2, [sp, #4]
  80              		.loc 1 51 3 view .LVU13
  81 0038 019A     		ldr	r2, [sp, #4]
  82              	.LBE3:
  83              		.loc 1 51 3 view .LVU14
  52:Core/Src/gpio.c ****   __HAL_RCC_GPIOA_CLK_ENABLE();
  84              		.loc 1 52 3 view .LVU15
  85              	.LBB4:
  86              		.loc 1 52 3 view .LVU16
  87 003a 0294     		str	r4, [sp, #8]
  88              		.loc 1 52 3 view .LVU17
  89 003c 1A6B     		ldr	r2, [r3, #48]
  90 003e 42F00102 		orr	r2, r2, #1
  91 0042 1A63     		str	r2, [r3, #48]
  92              		.loc 1 52 3 view .LVU18
  93 0044 1A6B     		ldr	r2, [r3, #48]
  94 0046 02F00102 		and	r2, r2, #1
  95 004a 0292     		str	r2, [sp, #8]
  96              		.loc 1 52 3 view .LVU19
  97 004c 029A     		ldr	r2, [sp, #8]
  98              	.LBE4:
  99              		.loc 1 52 3 view .LVU20
  53:Core/Src/gpio.c ****   __HAL_RCC_GPIOB_CLK_ENABLE();
 100              		.loc 1 53 3 view .LVU21
 101              	.LBB5:
 102              		.loc 1 53 3 view .LVU22
 103 004e 0394     		str	r4, [sp, #12]
 104              		.loc 1 53 3 view .LVU23
 105 0050 1A6B     		ldr	r2, [r3, #48]
 106 0052 42F00202 		orr	r2, r2, #2
 107 0056 1A63     		str	r2, [r3, #48]
 108              		.loc 1 53 3 view .LVU24
 109 0058 1A6B     		ldr	r2, [r3, #48]
 110 005a 02F00202 		and	r2, r2, #2
 111 005e 0392     		str	r2, [sp, #12]
 112              		.loc 1 53 3 view .LVU25
 113 0060 039A     		ldr	r2, [sp, #12]
 114              	.LBE5:
 115              		.loc 1 53 3 view .LVU26
  54:Core/Src/gpio.c ****   __HAL_RCC_GPIOD_CLK_ENABLE();
 116              		.loc 1 54 3 view .LVU27
 117              	.LBB6:
 118              		.loc 1 54 3 view .LVU28
ARM GAS  C:\Users\minhp\AppData\Local\Temp\cccLAGhR.s 			page 4


 119 0062 0494     		str	r4, [sp, #16]
 120              		.loc 1 54 3 view .LVU29
 121 0064 1A6B     		ldr	r2, [r3, #48]
 122 0066 42F00802 		orr	r2, r2, #8
 123 006a 1A63     		str	r2, [r3, #48]
 124              		.loc 1 54 3 view .LVU30
 125 006c 1B6B     		ldr	r3, [r3, #48]
 126 006e 03F00803 		and	r3, r3, #8
 127 0072 0493     		str	r3, [sp, #16]
 128              		.loc 1 54 3 view .LVU31
 129 0074 049B     		ldr	r3, [sp, #16]
 130              	.LBE6:
 131              		.loc 1 54 3 view .LVU32
  55:Core/Src/gpio.c **** 
  56:Core/Src/gpio.c ****   /*Configure GPIO pin : PtPin */
  57:Core/Src/gpio.c ****   GPIO_InitStruct.Pin = B1_Pin;
 132              		.loc 1 57 3 view .LVU33
 133              		.loc 1 57 23 is_stmt 0 view .LVU34
 134 0076 4FF40053 		mov	r3, #8192
 135 007a 0593     		str	r3, [sp, #20]
  58:Core/Src/gpio.c ****   GPIO_InitStruct.Mode = GPIO_MODE_IT_FALLING;
 136              		.loc 1 58 3 is_stmt 1 view .LVU35
 137              		.loc 1 58 24 is_stmt 0 view .LVU36
 138 007c 4FF40413 		mov	r3, #2162688
 139 0080 0693     		str	r3, [sp, #24]
  59:Core/Src/gpio.c ****   GPIO_InitStruct.Pull = GPIO_NOPULL;
 140              		.loc 1 59 3 is_stmt 1 view .LVU37
  60:Core/Src/gpio.c ****   HAL_GPIO_Init(B1_GPIO_Port, &GPIO_InitStruct);
 141              		.loc 1 60 3 view .LVU38
 142 0082 164E     		ldr	r6, .L3+4
 143 0084 05A9     		add	r1, sp, #20
 144 0086 3046     		mov	r0, r6
 145 0088 FFF7FEFF 		bl	HAL_GPIO_Init
 146              	.LVL0:
  61:Core/Src/gpio.c **** 
  62:Core/Src/gpio.c ****   /*Configure GPIO pins : PC0 PC1 PC2 PC3
  63:Core/Src/gpio.c ****                            PC4 PC5 PC6 PC7
  64:Core/Src/gpio.c ****                            PC8 PC9 PC10 PC11
  65:Core/Src/gpio.c ****                            PC12 */
  66:Core/Src/gpio.c ****   GPIO_InitStruct.Pin = GPIO_PIN_0|GPIO_PIN_1|GPIO_PIN_2|GPIO_PIN_3
 147              		.loc 1 66 3 view .LVU39
 148              		.loc 1 66 23 is_stmt 0 view .LVU40
 149 008c 41F6FF73 		movw	r3, #8191
 150 0090 0593     		str	r3, [sp, #20]
  67:Core/Src/gpio.c ****                           |GPIO_PIN_4|GPIO_PIN_5|GPIO_PIN_6|GPIO_PIN_7
  68:Core/Src/gpio.c ****                           |GPIO_PIN_8|GPIO_PIN_9|GPIO_PIN_10|GPIO_PIN_11
  69:Core/Src/gpio.c ****                           |GPIO_PIN_12;
  70:Core/Src/gpio.c ****   GPIO_InitStruct.Mode = GPIO_MODE_ANALOG;
 151              		.loc 1 70 3 is_stmt 1 view .LVU41
 152              		.loc 1 70 24 is_stmt 0 view .LVU42
 153 0092 0325     		movs	r5, #3
 154 0094 0695     		str	r5, [sp, #24]
  71:Core/Src/gpio.c ****   GPIO_InitStruct.Pull = GPIO_NOPULL;
 155              		.loc 1 71 3 is_stmt 1 view .LVU43
 156              		.loc 1 71 24 is_stmt 0 view .LVU44
 157 0096 0794     		str	r4, [sp, #28]
  72:Core/Src/gpio.c ****   HAL_GPIO_Init(GPIOC, &GPIO_InitStruct);
ARM GAS  C:\Users\minhp\AppData\Local\Temp\cccLAGhR.s 			page 5


 158              		.loc 1 72 3 is_stmt 1 view .LVU45
 159 0098 05A9     		add	r1, sp, #20
 160 009a 3046     		mov	r0, r6
 161 009c FFF7FEFF 		bl	HAL_GPIO_Init
 162              	.LVL1:
  73:Core/Src/gpio.c **** 
  74:Core/Src/gpio.c ****   /*Configure GPIO pins : PA0 PA1 PA4 PA8
  75:Core/Src/gpio.c ****                            PA9 PA10 PA11 PA12
  76:Core/Src/gpio.c ****                            PA15 */
  77:Core/Src/gpio.c ****   GPIO_InitStruct.Pin = GPIO_PIN_0|GPIO_PIN_1|GPIO_PIN_4|GPIO_PIN_8
 163              		.loc 1 77 3 view .LVU46
 164              		.loc 1 77 23 is_stmt 0 view .LVU47
 165 00a0 49F61373 		movw	r3, #40723
 166 00a4 0593     		str	r3, [sp, #20]
  78:Core/Src/gpio.c ****                           |GPIO_PIN_9|GPIO_PIN_10|GPIO_PIN_11|GPIO_PIN_12
  79:Core/Src/gpio.c ****                           |GPIO_PIN_15;
  80:Core/Src/gpio.c ****   GPIO_InitStruct.Mode = GPIO_MODE_ANALOG;
 167              		.loc 1 80 3 is_stmt 1 view .LVU48
 168              		.loc 1 80 24 is_stmt 0 view .LVU49
 169 00a6 0695     		str	r5, [sp, #24]
  81:Core/Src/gpio.c ****   GPIO_InitStruct.Pull = GPIO_NOPULL;
 170              		.loc 1 81 3 is_stmt 1 view .LVU50
 171              		.loc 1 81 24 is_stmt 0 view .LVU51
 172 00a8 0794     		str	r4, [sp, #28]
  82:Core/Src/gpio.c ****   HAL_GPIO_Init(GPIOA, &GPIO_InitStruct);
 173              		.loc 1 82 3 is_stmt 1 view .LVU52
 174 00aa 05A9     		add	r1, sp, #20
 175 00ac 0C48     		ldr	r0, .L3+8
 176 00ae FFF7FEFF 		bl	HAL_GPIO_Init
 177              	.LVL2:
  83:Core/Src/gpio.c **** 
  84:Core/Src/gpio.c ****   /*Configure GPIO pins : PB0 PB1 PB2 PB10
  85:Core/Src/gpio.c ****                            PB12 PB13 PB14 PB15
  86:Core/Src/gpio.c ****                            PB4 PB5 PB6 PB7
  87:Core/Src/gpio.c ****                            PB8 PB9 */
  88:Core/Src/gpio.c ****   GPIO_InitStruct.Pin = GPIO_PIN_0|GPIO_PIN_1|GPIO_PIN_2|GPIO_PIN_10
 178              		.loc 1 88 3 view .LVU53
 179              		.loc 1 88 23 is_stmt 0 view .LVU54
 180 00b2 4FF2F773 		movw	r3, #63479
 181 00b6 0593     		str	r3, [sp, #20]
  89:Core/Src/gpio.c ****                           |GPIO_PIN_12|GPIO_PIN_13|GPIO_PIN_14|GPIO_PIN_15
  90:Core/Src/gpio.c ****                           |GPIO_PIN_4|GPIO_PIN_5|GPIO_PIN_6|GPIO_PIN_7
  91:Core/Src/gpio.c ****                           |GPIO_PIN_8|GPIO_PIN_9;
  92:Core/Src/gpio.c ****   GPIO_InitStruct.Mode = GPIO_MODE_ANALOG;
 182              		.loc 1 92 3 is_stmt 1 view .LVU55
 183              		.loc 1 92 24 is_stmt 0 view .LVU56
 184 00b8 0695     		str	r5, [sp, #24]
  93:Core/Src/gpio.c ****   GPIO_InitStruct.Pull = GPIO_NOPULL;
 185              		.loc 1 93 3 is_stmt 1 view .LVU57
 186              		.loc 1 93 24 is_stmt 0 view .LVU58
 187 00ba 0794     		str	r4, [sp, #28]
  94:Core/Src/gpio.c ****   HAL_GPIO_Init(GPIOB, &GPIO_InitStruct);
 188              		.loc 1 94 3 is_stmt 1 view .LVU59
 189 00bc 05A9     		add	r1, sp, #20
 190 00be 0948     		ldr	r0, .L3+12
 191 00c0 FFF7FEFF 		bl	HAL_GPIO_Init
 192              	.LVL3:
ARM GAS  C:\Users\minhp\AppData\Local\Temp\cccLAGhR.s 			page 6


  95:Core/Src/gpio.c **** 
  96:Core/Src/gpio.c ****   /*Configure GPIO pin : PD2 */
  97:Core/Src/gpio.c ****   GPIO_InitStruct.Pin = GPIO_PIN_2;
 193              		.loc 1 97 3 view .LVU60
 194              		.loc 1 97 23 is_stmt 0 view .LVU61
 195 00c4 0423     		movs	r3, #4
 196 00c6 0593     		str	r3, [sp, #20]
  98:Core/Src/gpio.c ****   GPIO_InitStruct.Mode = GPIO_MODE_ANALOG;
 197              		.loc 1 98 3 is_stmt 1 view .LVU62
 198              		.loc 1 98 24 is_stmt 0 view .LVU63
 199 00c8 0695     		str	r5, [sp, #24]
  99:Core/Src/gpio.c ****   GPIO_InitStruct.Pull = GPIO_NOPULL;
 200              		.loc 1 99 3 is_stmt 1 view .LVU64
 201              		.loc 1 99 24 is_stmt 0 view .LVU65
 202 00ca 0794     		str	r4, [sp, #28]
 100:Core/Src/gpio.c ****   HAL_GPIO_Init(GPIOD, &GPIO_InitStruct);
 203              		.loc 1 100 3 is_stmt 1 view .LVU66
 204 00cc 05A9     		add	r1, sp, #20
 205 00ce 0648     		ldr	r0, .L3+16
 206 00d0 FFF7FEFF 		bl	HAL_GPIO_Init
 207              	.LVL4:
 101:Core/Src/gpio.c **** 
 102:Core/Src/gpio.c **** }
 208              		.loc 1 102 1 is_stmt 0 view .LVU67
 209 00d4 0AB0     		add	sp, sp, #40
 210              	.LCFI2:
 211              		.cfi_def_cfa_offset 16
 212              		@ sp needed
 213 00d6 70BD     		pop	{r4, r5, r6, pc}
 214              	.L4:
 215              		.align	2
 216              	.L3:
 217 00d8 00380240 		.word	1073887232
 218 00dc 00080240 		.word	1073874944
 219 00e0 00000240 		.word	1073872896
 220 00e4 00040240 		.word	1073873920
 221 00e8 000C0240 		.word	1073875968
 222              		.cfi_endproc
 223              	.LFE130:
 225              		.text
 226              	.Letext0:
 227              		.file 2 "c:\\program files (x86)\\gnu arm embedded toolchain\\10 2021.10\\arm-none-eabi\\include\\
 228              		.file 3 "c:\\program files (x86)\\gnu arm embedded toolchain\\10 2021.10\\arm-none-eabi\\include\\
 229              		.file 4 "Drivers/CMSIS/Device/ST/STM32F4xx/Include/stm32f411xe.h"
 230              		.file 5 "Drivers/STM32F4xx_HAL_Driver/Inc/stm32f4xx_hal_gpio.h"
ARM GAS  C:\Users\minhp\AppData\Local\Temp\cccLAGhR.s 			page 7


DEFINED SYMBOLS
                            *ABS*:00000000 gpio.c
C:\Users\minhp\AppData\Local\Temp\cccLAGhR.s:20     .text.MX_GPIO_Init:00000000 $t
C:\Users\minhp\AppData\Local\Temp\cccLAGhR.s:26     .text.MX_GPIO_Init:00000000 MX_GPIO_Init
C:\Users\minhp\AppData\Local\Temp\cccLAGhR.s:217    .text.MX_GPIO_Init:000000d8 $d

UNDEFINED SYMBOLS
HAL_GPIO_Init
