ARM GAS  C:\Users\minhp\AppData\Local\Temp\ccue8iiF.s 			page 1


   1              		.cpu cortex-m4
   2              		.arch armv7e-m
   3              		.fpu fpv4-sp-d16
   4              		.eabi_attribute 27, 1
   5              		.eabi_attribute 28, 1
   6              		.eabi_attribute 20, 1
   7              		.eabi_attribute 21, 1
   8              		.eabi_attribute 23, 3
   9              		.eabi_attribute 24, 1
  10              		.eabi_attribute 25, 1
  11              		.eabi_attribute 26, 1
  12              		.eabi_attribute 30, 1
  13              		.eabi_attribute 34, 1
  14              		.eabi_attribute 18, 4
  15              		.file	"TMC8462.c"
  16              		.text
  17              	.Ltext0:
  18              		.cfi_sections	.debug_frame
  19              		.section	.text.tmc8462_esc_read,"ax",%progbits
  20              		.align	1
  21              		.global	tmc8462_esc_read
  22              		.syntax unified
  23              		.thumb
  24              		.thumb_func
  26              	tmc8462_esc_read:
  27              	.LVL0:
  28              	.LFB135:
  29              		.file 1 "Application/Drivers/tmc/ic/TMC8462/TMC8462.c"
   1:Application/Drivers/tmc/ic/TMC8462/TMC8462.c **** /*
   2:Application/Drivers/tmc/ic/TMC8462/TMC8462.c ****  * TMC8462.c
   3:Application/Drivers/tmc/ic/TMC8462/TMC8462.c ****  *
   4:Application/Drivers/tmc/ic/TMC8462/TMC8462.c ****  *  Created on: 30.05.2017
   5:Application/Drivers/tmc/ic/TMC8462/TMC8462.c ****  *      Author: LK
   6:Application/Drivers/tmc/ic/TMC8462/TMC8462.c ****  */
   7:Application/Drivers/tmc/ic/TMC8462/TMC8462.c **** 
   8:Application/Drivers/tmc/ic/TMC8462/TMC8462.c **** #include "TMC8462.h"
   9:Application/Drivers/tmc/ic/TMC8462/TMC8462.c **** #include "spiDma.h"
  10:Application/Drivers/tmc/ic/TMC8462/TMC8462.c **** 
  11:Application/Drivers/tmc/ic/TMC8462/TMC8462.c **** void tmc8462_esc_read (TMC8462TypeDef *tmc8462, uint16_t address)
  12:Application/Drivers/tmc/ic/TMC8462/TMC8462.c **** {
  30              		.loc 1 12 1 view -0
  31              		.cfi_startproc
  32              		@ args = 0, pretend = 0, frame = 8
  33              		@ frame_needed = 0, uses_anonymous_args = 0
  34              		.loc 1 12 1 is_stmt 0 view .LVU1
  35 0000 00B5     		push	{lr}
  36              	.LCFI0:
  37              		.cfi_def_cfa_offset 4
  38              		.cfi_offset 14, -4
  39 0002 83B0     		sub	sp, sp, #12
  40              	.LCFI1:
  41              		.cfi_def_cfa_offset 16
  13:Application/Drivers/tmc/ic/TMC8462/TMC8462.c ****    uint8_t command[4] = {0u};
  42              		.loc 1 13 4 is_stmt 1 view .LVU2
  43              		.loc 1 13 12 is_stmt 0 view .LVU3
  44 0004 0023     		movs	r3, #0
  45 0006 0193     		str	r3, [sp, #4]
ARM GAS  C:\Users\minhp\AppData\Local\Temp\ccue8iiF.s 			page 2


  14:Application/Drivers/tmc/ic/TMC8462/TMC8462.c **** 
  15:Application/Drivers/tmc/ic/TMC8462/TMC8462.c ****    /* Prepare the data structure contains read command. */
  16:Application/Drivers/tmc/ic/TMC8462/TMC8462.c ****    command[0] = (uint8_t)(address >> 5U);
  46              		.loc 1 16 4 is_stmt 1 view .LVU4
  47              		.loc 1 16 17 is_stmt 0 view .LVU5
  48 0008 C1F34713 		ubfx	r3, r1, #5, #8
  49              		.loc 1 16 15 view .LVU6
  50 000c 8DF80430 		strb	r3, [sp, #4]
  17:Application/Drivers/tmc/ic/TMC8462/TMC8462.c ****    command[1] = (uint8_t)((address << 3U) | TMC8462_CMD_ADDR_EXT);
  51              		.loc 1 17 4 is_stmt 1 view .LVU7
  52              		.loc 1 17 36 is_stmt 0 view .LVU8
  53 0010 CB00     		lsls	r3, r1, #3
  54              		.loc 1 17 43 view .LVU9
  55 0012 43F00603 		orr	r3, r3, #6
  56              		.loc 1 17 15 view .LVU10
  57 0016 8DF80530 		strb	r3, [sp, #5]
  18:Application/Drivers/tmc/ic/TMC8462/TMC8462.c ****    command[2] = (uint8_t)(((address >> 8U) & 0xE0U) | (TMC8462_CMD_READ_WAIT << 2U));
  58              		.loc 1 18 4 is_stmt 1 view .LVU11
  59              		.loc 1 18 44 is_stmt 0 view .LVU12
  60 001a 090A     		lsrs	r1, r1, #8
  61              	.LVL1:
  62              		.loc 1 18 44 view .LVU13
  63 001c 01F0E001 		and	r1, r1, #224
  64              		.loc 1 18 17 view .LVU14
  65 0020 41F00C01 		orr	r1, r1, #12
  66              		.loc 1 18 15 view .LVU15
  67 0024 8DF80610 		strb	r1, [sp, #6]
  19:Application/Drivers/tmc/ic/TMC8462/TMC8462.c ****    command[4] = (uint8_t)(0xFFU);
  68              		.loc 1 19 4 is_stmt 1 view .LVU16
  69              		.loc 1 19 15 is_stmt 0 view .LVU17
  70 0028 FF23     		movs	r3, #255
  71 002a 8DF80830 		strb	r3, [sp, #8]
  20:Application/Drivers/tmc/ic/TMC8462/TMC8462.c ****    
  21:Application/Drivers/tmc/ic/TMC8462/TMC8462.c ****    /* Send the command to tmc slave. */
  22:Application/Drivers/tmc/ic/TMC8462/TMC8462.c ****    SpiDma_write (&spiDmaModule, (uint8_t *)&command[0], sizeof(command));
  72              		.loc 1 22 4 is_stmt 1 view .LVU18
  73 002e 0422     		movs	r2, #4
  74 0030 0DEB0201 		add	r1, sp, r2
  75 0034 0248     		ldr	r0, .L3
  76              	.LVL2:
  77              		.loc 1 22 4 is_stmt 0 view .LVU19
  78 0036 FFF7FEFF 		bl	SpiDma_write
  79              	.LVL3:
  23:Application/Drivers/tmc/ic/TMC8462/TMC8462.c **** }
  80              		.loc 1 23 1 view .LVU20
  81 003a 03B0     		add	sp, sp, #12
  82              	.LCFI2:
  83              		.cfi_def_cfa_offset 4
  84              		@ sp needed
  85 003c 5DF804FB 		ldr	pc, [sp], #4
  86              	.L4:
  87              		.align	2
  88              	.L3:
  89 0040 00000000 		.word	spiDmaModule
  90              		.cfi_endproc
  91              	.LFE135:
  93              		.section	.text.tmc8462_esc_write,"ax",%progbits
ARM GAS  C:\Users\minhp\AppData\Local\Temp\ccue8iiF.s 			page 3


  94              		.align	1
  95              		.global	tmc8462_esc_write
  96              		.syntax unified
  97              		.thumb
  98              		.thumb_func
 100              	tmc8462_esc_write:
 101              	.LVL4:
 102              	.LFB136:
  24:Application/Drivers/tmc/ic/TMC8462/TMC8462.c **** 
  25:Application/Drivers/tmc/ic/TMC8462/TMC8462.c **** void tmc8462_esc_write(TMC8462TypeDef *tmc8462, uint16_t address)
  26:Application/Drivers/tmc/ic/TMC8462/TMC8462.c **** {
 103              		.loc 1 26 1 is_stmt 1 view -0
 104              		.cfi_startproc
 105              		@ args = 0, pretend = 0, frame = 8
 106              		@ frame_needed = 0, uses_anonymous_args = 0
 107              		.loc 1 26 1 is_stmt 0 view .LVU22
 108 0000 00B5     		push	{lr}
 109              	.LCFI3:
 110              		.cfi_def_cfa_offset 4
 111              		.cfi_offset 14, -4
 112 0002 83B0     		sub	sp, sp, #12
 113              	.LCFI4:
 114              		.cfi_def_cfa_offset 16
  27:Application/Drivers/tmc/ic/TMC8462/TMC8462.c ****    uint8_t command[3] = {0u};
 115              		.loc 1 27 4 is_stmt 1 view .LVU23
 116              		.loc 1 27 12 is_stmt 0 view .LVU24
 117 0004 0F4B     		ldr	r3, .L7
 118 0006 1B88     		ldrh	r3, [r3]
 119 0008 ADF80430 		strh	r3, [sp, #4]	@ movhi
 120 000c 0023     		movs	r3, #0
 121 000e 8DF80630 		strb	r3, [sp, #6]
  28:Application/Drivers/tmc/ic/TMC8462/TMC8462.c **** 
  29:Application/Drivers/tmc/ic/TMC8462/TMC8462.c ****    /* Prepare the data structure contains read command. */
  30:Application/Drivers/tmc/ic/TMC8462/TMC8462.c ****    command[0] = (uint8_t)(address >> 5U);
 122              		.loc 1 30 4 is_stmt 1 view .LVU25
 123              		.loc 1 30 17 is_stmt 0 view .LVU26
 124 0012 C1F34713 		ubfx	r3, r1, #5, #8
 125              		.loc 1 30 15 view .LVU27
 126 0016 8DF80430 		strb	r3, [sp, #4]
  31:Application/Drivers/tmc/ic/TMC8462/TMC8462.c ****    command[1] = (uint8_t)((address << 3U) | TMC8462_CMD_ADDR_EXT);
 127              		.loc 1 31 4 is_stmt 1 view .LVU28
 128              		.loc 1 31 36 is_stmt 0 view .LVU29
 129 001a CB00     		lsls	r3, r1, #3
 130              		.loc 1 31 43 view .LVU30
 131 001c 43F00603 		orr	r3, r3, #6
 132              		.loc 1 31 15 view .LVU31
 133 0020 8DF80530 		strb	r3, [sp, #5]
  32:Application/Drivers/tmc/ic/TMC8462/TMC8462.c ****    command[2] = (uint8_t)(((address >> 8U) & 0xE0U) | (TMC8462_CMD_WRITE << 2U));
 134              		.loc 1 32 4 is_stmt 1 view .LVU32
 135              		.loc 1 32 44 is_stmt 0 view .LVU33
 136 0024 090A     		lsrs	r1, r1, #8
 137              	.LVL5:
 138              		.loc 1 32 44 view .LVU34
 139 0026 01F0E001 		and	r1, r1, #224
 140              		.loc 1 32 17 view .LVU35
 141 002a 41F01001 		orr	r1, r1, #16
 142              		.loc 1 32 15 view .LVU36
ARM GAS  C:\Users\minhp\AppData\Local\Temp\ccue8iiF.s 			page 4


 143 002e 8DF80610 		strb	r1, [sp, #6]
  33:Application/Drivers/tmc/ic/TMC8462/TMC8462.c **** 
  34:Application/Drivers/tmc/ic/TMC8462/TMC8462.c ****    /* Send the command to tmc slave. */
  35:Application/Drivers/tmc/ic/TMC8462/TMC8462.c ****    SpiDma_write (&spiDmaModule, (uint8_t *)&command[0], sizeof(command));
 144              		.loc 1 35 4 is_stmt 1 view .LVU37
 145 0032 0322     		movs	r2, #3
 146 0034 01A9     		add	r1, sp, #4
 147 0036 0448     		ldr	r0, .L7+4
 148              	.LVL6:
 149              		.loc 1 35 4 is_stmt 0 view .LVU38
 150 0038 FFF7FEFF 		bl	SpiDma_write
 151              	.LVL7:
  36:Application/Drivers/tmc/ic/TMC8462/TMC8462.c **** }
 152              		.loc 1 36 1 view .LVU39
 153 003c 03B0     		add	sp, sp, #12
 154              	.LCFI5:
 155              		.cfi_def_cfa_offset 4
 156              		@ sp needed
 157 003e 5DF804FB 		ldr	pc, [sp], #4
 158              	.L8:
 159 0042 00BF     		.align	2
 160              	.L7:
 161 0044 00000000 		.word	.LANCHOR0
 162 0048 00000000 		.word	spiDmaModule
 163              		.cfi_endproc
 164              	.LFE136:
 166              		.section	.text.tmc8462_mfc_read,"ax",%progbits
 167              		.align	1
 168              		.global	tmc8462_mfc_read
 169              		.syntax unified
 170              		.thumb
 171              		.thumb_func
 173              	tmc8462_mfc_read:
 174              	.LVL8:
 175              	.LFB137:
  37:Application/Drivers/tmc/ic/TMC8462/TMC8462.c **** 
  38:Application/Drivers/tmc/ic/TMC8462/TMC8462.c **** void tmc8462_mfc_read(TMC8462TypeDef *tmc8462, uint16_t address)
  39:Application/Drivers/tmc/ic/TMC8462/TMC8462.c **** {
 176              		.loc 1 39 1 is_stmt 1 view -0
 177              		.cfi_startproc
 178              		@ args = 0, pretend = 0, frame = 8
 179              		@ frame_needed = 0, uses_anonymous_args = 0
 180              		.loc 1 39 1 is_stmt 0 view .LVU41
 181 0000 00B5     		push	{lr}
 182              	.LCFI6:
 183              		.cfi_def_cfa_offset 4
 184              		.cfi_offset 14, -4
 185 0002 83B0     		sub	sp, sp, #12
 186              	.LCFI7:
 187              		.cfi_def_cfa_offset 16
  40:Application/Drivers/tmc/ic/TMC8462/TMC8462.c ****    uint8_t command[4] = {0u};
 188              		.loc 1 40 4 is_stmt 1 view .LVU42
 189              		.loc 1 40 12 is_stmt 0 view .LVU43
 190 0004 0023     		movs	r3, #0
 191 0006 0193     		str	r3, [sp, #4]
  41:Application/Drivers/tmc/ic/TMC8462/TMC8462.c **** 
  42:Application/Drivers/tmc/ic/TMC8462/TMC8462.c ****    /* Prepare the data structure contains read command. */
ARM GAS  C:\Users\minhp\AppData\Local\Temp\ccue8iiF.s 			page 5


  43:Application/Drivers/tmc/ic/TMC8462/TMC8462.c ****    command[0] = (uint8_t)(address >> 5U);
 192              		.loc 1 43 4 is_stmt 1 view .LVU44
 193              		.loc 1 43 17 is_stmt 0 view .LVU45
 194 0008 C1F34713 		ubfx	r3, r1, #5, #8
 195              		.loc 1 43 15 view .LVU46
 196 000c 8DF80430 		strb	r3, [sp, #4]
  44:Application/Drivers/tmc/ic/TMC8462/TMC8462.c ****    command[1] = (uint8_t)((address << 3U) | TMC8462_CMD_ADDR_EXT);
 197              		.loc 1 44 4 is_stmt 1 view .LVU47
 198              		.loc 1 44 36 is_stmt 0 view .LVU48
 199 0010 CB00     		lsls	r3, r1, #3
 200              		.loc 1 44 43 view .LVU49
 201 0012 43F00603 		orr	r3, r3, #6
 202              		.loc 1 44 15 view .LVU50
 203 0016 8DF80530 		strb	r3, [sp, #5]
  45:Application/Drivers/tmc/ic/TMC8462/TMC8462.c ****    command[2] = (uint8_t)(((address >> 8U) & 0xE0U) | (TMC8462_CMD_READ_WAIT << 2U));
 204              		.loc 1 45 4 is_stmt 1 view .LVU51
 205              		.loc 1 45 44 is_stmt 0 view .LVU52
 206 001a 090A     		lsrs	r1, r1, #8
 207              	.LVL9:
 208              		.loc 1 45 44 view .LVU53
 209 001c 01F0E001 		and	r1, r1, #224
 210              		.loc 1 45 17 view .LVU54
 211 0020 41F00C01 		orr	r1, r1, #12
 212              		.loc 1 45 15 view .LVU55
 213 0024 8DF80610 		strb	r1, [sp, #6]
  46:Application/Drivers/tmc/ic/TMC8462/TMC8462.c ****    command[3] = 0xFFU;
 214              		.loc 1 46 4 is_stmt 1 view .LVU56
 215              		.loc 1 46 15 is_stmt 0 view .LVU57
 216 0028 FF23     		movs	r3, #255
 217 002a 8DF80730 		strb	r3, [sp, #7]
  47:Application/Drivers/tmc/ic/TMC8462/TMC8462.c **** 
  48:Application/Drivers/tmc/ic/TMC8462/TMC8462.c **** 	/* Send the command to tmc slave. */
  49:Application/Drivers/tmc/ic/TMC8462/TMC8462.c **** 	SpiDma_write (&spiDmaModule, (uint8_t *)&command[0], sizeof(command));
 218              		.loc 1 49 2 is_stmt 1 view .LVU58
 219 002e 0422     		movs	r2, #4
 220 0030 0DEB0201 		add	r1, sp, r2
 221 0034 0248     		ldr	r0, .L11
 222              	.LVL10:
 223              		.loc 1 49 2 is_stmt 0 view .LVU59
 224 0036 FFF7FEFF 		bl	SpiDma_write
 225              	.LVL11:
  50:Application/Drivers/tmc/ic/TMC8462/TMC8462.c **** }
 226              		.loc 1 50 1 view .LVU60
 227 003a 03B0     		add	sp, sp, #12
 228              	.LCFI8:
 229              		.cfi_def_cfa_offset 4
 230              		@ sp needed
 231 003c 5DF804FB 		ldr	pc, [sp], #4
 232              	.L12:
 233              		.align	2
 234              	.L11:
 235 0040 00000000 		.word	spiDmaModule
 236              		.cfi_endproc
 237              	.LFE137:
 239              		.section	.text.tmc8462_mfc_write,"ax",%progbits
 240              		.align	1
 241              		.global	tmc8462_mfc_write
ARM GAS  C:\Users\minhp\AppData\Local\Temp\ccue8iiF.s 			page 6


 242              		.syntax unified
 243              		.thumb
 244              		.thumb_func
 246              	tmc8462_mfc_write:
 247              	.LVL12:
 248              	.LFB138:
  51:Application/Drivers/tmc/ic/TMC8462/TMC8462.c **** 
  52:Application/Drivers/tmc/ic/TMC8462/TMC8462.c **** void tmc8462_mfc_write(TMC8462TypeDef *tmc8462, uint16_t address)
  53:Application/Drivers/tmc/ic/TMC8462/TMC8462.c **** {
 249              		.loc 1 53 1 is_stmt 1 view -0
 250              		.cfi_startproc
 251              		@ args = 0, pretend = 0, frame = 8
 252              		@ frame_needed = 0, uses_anonymous_args = 0
 253              		.loc 1 53 1 is_stmt 0 view .LVU62
 254 0000 00B5     		push	{lr}
 255              	.LCFI9:
 256              		.cfi_def_cfa_offset 4
 257              		.cfi_offset 14, -4
 258 0002 83B0     		sub	sp, sp, #12
 259              	.LCFI10:
 260              		.cfi_def_cfa_offset 16
  54:Application/Drivers/tmc/ic/TMC8462/TMC8462.c ****    uint8_t command[3] = {0u};
 261              		.loc 1 54 4 is_stmt 1 view .LVU63
 262              		.loc 1 54 12 is_stmt 0 view .LVU64
 263 0004 0F4B     		ldr	r3, .L15
 264 0006 1B88     		ldrh	r3, [r3]
 265 0008 ADF80430 		strh	r3, [sp, #4]	@ movhi
 266 000c 0023     		movs	r3, #0
 267 000e 8DF80630 		strb	r3, [sp, #6]
  55:Application/Drivers/tmc/ic/TMC8462/TMC8462.c **** 
  56:Application/Drivers/tmc/ic/TMC8462/TMC8462.c ****    /* Prepare the data structure contains read command. */
  57:Application/Drivers/tmc/ic/TMC8462/TMC8462.c ****    command[0] = (uint8_t)(address >> 5U);
 268              		.loc 1 57 4 is_stmt 1 view .LVU65
 269              		.loc 1 57 17 is_stmt 0 view .LVU66
 270 0012 C1F34713 		ubfx	r3, r1, #5, #8
 271              		.loc 1 57 15 view .LVU67
 272 0016 8DF80430 		strb	r3, [sp, #4]
  58:Application/Drivers/tmc/ic/TMC8462/TMC8462.c ****    command[1] = (uint8_t)((address << 3U) | TMC8462_CMD_ADDR_EXT);
 273              		.loc 1 58 4 is_stmt 1 view .LVU68
 274              		.loc 1 58 36 is_stmt 0 view .LVU69
 275 001a CB00     		lsls	r3, r1, #3
 276              		.loc 1 58 43 view .LVU70
 277 001c 43F00603 		orr	r3, r3, #6
 278              		.loc 1 58 15 view .LVU71
 279 0020 8DF80530 		strb	r3, [sp, #5]
  59:Application/Drivers/tmc/ic/TMC8462/TMC8462.c ****    command[2] = (uint8_t)(((address >> 8U) & 0xE0U) | (TMC8462_CMD_WRITE << 2U));
 280              		.loc 1 59 4 is_stmt 1 view .LVU72
 281              		.loc 1 59 44 is_stmt 0 view .LVU73
 282 0024 090A     		lsrs	r1, r1, #8
 283              	.LVL13:
 284              		.loc 1 59 44 view .LVU74
 285 0026 01F0E001 		and	r1, r1, #224
 286              		.loc 1 59 17 view .LVU75
 287 002a 41F01001 		orr	r1, r1, #16
 288              		.loc 1 59 15 view .LVU76
 289 002e 8DF80610 		strb	r1, [sp, #6]
  60:Application/Drivers/tmc/ic/TMC8462/TMC8462.c **** 
ARM GAS  C:\Users\minhp\AppData\Local\Temp\ccue8iiF.s 			page 7


  61:Application/Drivers/tmc/ic/TMC8462/TMC8462.c **** 	/* Send the command to tmc slave. */
  62:Application/Drivers/tmc/ic/TMC8462/TMC8462.c **** 	SpiDma_write(&spiDmaModule, (uint8_t *)&command[0], sizeof(command));
 290              		.loc 1 62 2 is_stmt 1 view .LVU77
 291 0032 0322     		movs	r2, #3
 292 0034 01A9     		add	r1, sp, #4
 293 0036 0448     		ldr	r0, .L15+4
 294              	.LVL14:
 295              		.loc 1 62 2 is_stmt 0 view .LVU78
 296 0038 FFF7FEFF 		bl	SpiDma_write
 297              	.LVL15:
  63:Application/Drivers/tmc/ic/TMC8462/TMC8462.c **** }
 298              		.loc 1 63 1 view .LVU79
 299 003c 03B0     		add	sp, sp, #12
 300              	.LCFI11:
 301              		.cfi_def_cfa_offset 4
 302              		@ sp needed
 303 003e 5DF804FB 		ldr	pc, [sp], #4
 304              	.L16:
 305 0042 00BF     		.align	2
 306              	.L15:
 307 0044 00000000 		.word	.LANCHOR0
 308 0048 00000000 		.word	spiDmaModule
 309              		.cfi_endproc
 310              	.LFE138:
 312              		.section	.text.tmc8462_esc_read_data,"ax",%progbits
 313              		.align	1
 314              		.global	tmc8462_esc_read_data
 315              		.syntax unified
 316              		.thumb
 317              		.thumb_func
 319              	tmc8462_esc_read_data:
 320              	.LVL16:
 321              	.LFB139:
  64:Application/Drivers/tmc/ic/TMC8462/TMC8462.c **** 
  65:Application/Drivers/tmc/ic/TMC8462/TMC8462.c **** void tmc8462_esc_read_data (TMC8462TypeDef *tmc8462, uint8_t *data_ptr, uint16_t address, uint16_t 
  66:Application/Drivers/tmc/ic/TMC8462/TMC8462.c **** {
 322              		.loc 1 66 1 is_stmt 1 view -0
 323              		.cfi_startproc
 324              		@ args = 0, pretend = 0, frame = 0
 325              		@ frame_needed = 0, uses_anonymous_args = 0
 326              		.loc 1 66 1 is_stmt 0 view .LVU81
 327 0000 2DE9F843 		push	{r3, r4, r5, r6, r7, r8, r9, lr}
 328              	.LCFI12:
 329              		.cfi_def_cfa_offset 32
 330              		.cfi_offset 3, -32
 331              		.cfi_offset 4, -28
 332              		.cfi_offset 5, -24
 333              		.cfi_offset 6, -20
 334              		.cfi_offset 7, -16
 335              		.cfi_offset 8, -12
 336              		.cfi_offset 9, -8
 337              		.cfi_offset 14, -4
 338 0004 0746     		mov	r7, r0
 339 0006 0E46     		mov	r6, r1
 340 0008 9046     		mov	r8, r2
 341 000a 1C46     		mov	r4, r3
  67:Application/Drivers/tmc/ic/TMC8462/TMC8462.c ****    uint16_t iter = 0U;
ARM GAS  C:\Users\minhp\AppData\Local\Temp\ccue8iiF.s 			page 8


 342              		.loc 1 67 4 is_stmt 1 view .LVU82
 343              	.LVL17:
  68:Application/Drivers/tmc/ic/TMC8462/TMC8462.c ****    uint8_t * tx_dummy_arr = pvPortMalloc(len);
 344              		.loc 1 68 4 view .LVU83
 345              		.loc 1 68 29 is_stmt 0 view .LVU84
 346 000c 1846     		mov	r0, r3
 347              	.LVL18:
 348              		.loc 1 68 29 view .LVU85
 349 000e FFF7FEFF 		bl	pvPortMalloc
 350              	.LVL19:
 351              		.loc 1 68 29 view .LVU86
 352 0012 0546     		mov	r5, r0
 353              	.LVL20:
  69:Application/Drivers/tmc/ic/TMC8462/TMC8462.c **** 
  70:Application/Drivers/tmc/ic/TMC8462/TMC8462.c ****    /* Prepare the tx data dummy. */
  71:Application/Drivers/tmc/ic/TMC8462/TMC8462.c ****    for (iter = 0U; iter < len; iter++)
 354              		.loc 1 71 4 is_stmt 1 view .LVU87
 355              		.loc 1 71 14 is_stmt 0 view .LVU88
 356 0014 4FF0000C 		mov	ip, #0
 357              		.loc 1 71 4 view .LVU89
 358 0018 06E0     		b	.L18
 359              	.LVL21:
 360              	.L21:
  72:Application/Drivers/tmc/ic/TMC8462/TMC8462.c ****    {
  73:Application/Drivers/tmc/ic/TMC8462/TMC8462.c ****       tx_dummy_arr[iter] = (iter < (len - 1)) ? 0x00 : 0xFF;
 361              		.loc 1 73 26 view .LVU90
 362 001a FF23     		movs	r3, #255
 363              	.L19:
 364              		.loc 1 73 26 discriminator 4 view .LVU91
 365 001c 05F80C30 		strb	r3, [r5, ip]
  71:Application/Drivers/tmc/ic/TMC8462/TMC8462.c ****    {
 366              		.loc 1 71 32 is_stmt 1 discriminator 4 view .LVU92
  71:Application/Drivers/tmc/ic/TMC8462/TMC8462.c ****    {
 367              		.loc 1 71 36 is_stmt 0 discriminator 4 view .LVU93
 368 0020 0CF1010C 		add	ip, ip, #1
 369              	.LVL22:
  71:Application/Drivers/tmc/ic/TMC8462/TMC8462.c ****    {
 370              		.loc 1 71 36 discriminator 4 view .LVU94
 371 0024 1FFA8CFC 		uxth	ip, ip
 372              	.LVL23:
 373              	.L18:
  71:Application/Drivers/tmc/ic/TMC8462/TMC8462.c ****    {
 374              		.loc 1 71 20 is_stmt 1 discriminator 2 view .LVU95
  71:Application/Drivers/tmc/ic/TMC8462/TMC8462.c ****    {
 375              		.loc 1 71 4 is_stmt 0 discriminator 2 view .LVU96
 376 0028 A445     		cmp	ip, r4
 377 002a 04D2     		bcs	.L23
 378              		.loc 1 73 7 is_stmt 1 view .LVU97
 379              		.loc 1 73 41 is_stmt 0 view .LVU98
 380 002c 631E     		subs	r3, r4, #1
 381              		.loc 1 73 26 view .LVU99
 382 002e 9C45     		cmp	ip, r3
 383 0030 F3DA     		bge	.L21
 384 0032 0023     		movs	r3, #0
 385 0034 F2E7     		b	.L19
 386              	.L23:
  74:Application/Drivers/tmc/ic/TMC8462/TMC8462.c ****    }
ARM GAS  C:\Users\minhp\AppData\Local\Temp\ccue8iiF.s 			page 9


  75:Application/Drivers/tmc/ic/TMC8462/TMC8462.c ****    
  76:Application/Drivers/tmc/ic/TMC8462/TMC8462.c ****    /* Change the CS pin to active state. */
  77:Application/Drivers/tmc/ic/TMC8462/TMC8462.c ****    SpiDma_CsPinChangeState (&spiDmaModule, true);
 387              		.loc 1 77 4 is_stmt 1 view .LVU100
 388 0036 DFF83090 		ldr	r9, .L24
 389 003a 0121     		movs	r1, #1
 390 003c 4846     		mov	r0, r9
 391              	.LVL24:
 392              		.loc 1 77 4 is_stmt 0 view .LVU101
 393 003e FFF7FEFF 		bl	SpiDma_CsPinChangeState
 394              	.LVL25:
  78:Application/Drivers/tmc/ic/TMC8462/TMC8462.c **** 
  79:Application/Drivers/tmc/ic/TMC8462/TMC8462.c ****    /* Send Read command to address. */
  80:Application/Drivers/tmc/ic/TMC8462/TMC8462.c ****    tmc8462_esc_read (tmc8462, address);
 395              		.loc 1 80 4 is_stmt 1 view .LVU102
 396 0042 4146     		mov	r1, r8
 397 0044 3846     		mov	r0, r7
 398 0046 FFF7FEFF 		bl	tmc8462_esc_read
 399              	.LVL26:
  81:Application/Drivers/tmc/ic/TMC8462/TMC8462.c **** 
  82:Application/Drivers/tmc/ic/TMC8462/TMC8462.c ****    /* Read data. */
  83:Application/Drivers/tmc/ic/TMC8462/TMC8462.c ****    SpiDma_read (&spiDmaModule, data_ptr, tx_dummy_arr, len);
 400              		.loc 1 83 4 view .LVU103
 401 004a 2346     		mov	r3, r4
 402 004c 2A46     		mov	r2, r5
 403 004e 3146     		mov	r1, r6
 404 0050 4846     		mov	r0, r9
 405 0052 FFF7FEFF 		bl	SpiDma_read
 406              	.LVL27:
  84:Application/Drivers/tmc/ic/TMC8462/TMC8462.c **** 
  85:Application/Drivers/tmc/ic/TMC8462/TMC8462.c ****    /* Change the CS pin to inactive state. */
  86:Application/Drivers/tmc/ic/TMC8462/TMC8462.c ****    SpiDma_CsPinChangeState (&spiDmaModule, false);
 407              		.loc 1 86 4 view .LVU104
 408 0056 0021     		movs	r1, #0
 409 0058 4846     		mov	r0, r9
 410 005a FFF7FEFF 		bl	SpiDma_CsPinChangeState
 411              	.LVL28:
  87:Application/Drivers/tmc/ic/TMC8462/TMC8462.c **** 
  88:Application/Drivers/tmc/ic/TMC8462/TMC8462.c ****    /* Free the data. */
  89:Application/Drivers/tmc/ic/TMC8462/TMC8462.c ****    vPortFree (tx_dummy_arr);
 412              		.loc 1 89 4 view .LVU105
 413 005e 2846     		mov	r0, r5
 414 0060 FFF7FEFF 		bl	vPortFree
 415              	.LVL29:
  90:Application/Drivers/tmc/ic/TMC8462/TMC8462.c **** }
 416              		.loc 1 90 1 is_stmt 0 view .LVU106
 417 0064 BDE8F883 		pop	{r3, r4, r5, r6, r7, r8, r9, pc}
 418              	.LVL30:
 419              	.L25:
 420              		.loc 1 90 1 view .LVU107
 421              		.align	2
 422              	.L24:
 423 0068 00000000 		.word	spiDmaModule
 424              		.cfi_endproc
 425              	.LFE139:
 427              		.section	.text.tmc8462_esc_read_8,"ax",%progbits
 428              		.align	1
ARM GAS  C:\Users\minhp\AppData\Local\Temp\ccue8iiF.s 			page 10


 429              		.global	tmc8462_esc_read_8
 430              		.syntax unified
 431              		.thumb
 432              		.thumb_func
 434              	tmc8462_esc_read_8:
 435              	.LVL31:
 436              	.LFB140:
  91:Application/Drivers/tmc/ic/TMC8462/TMC8462.c **** 
  92:Application/Drivers/tmc/ic/TMC8462/TMC8462.c **** uint8_t tmc8462_esc_read_8(TMC8462TypeDef *tmc8462, uint16_t address)
  93:Application/Drivers/tmc/ic/TMC8462/TMC8462.c **** {
 437              		.loc 1 93 1 is_stmt 1 view -0
 438              		.cfi_startproc
 439              		@ args = 0, pretend = 0, frame = 8
 440              		@ frame_needed = 0, uses_anonymous_args = 0
 441              		.loc 1 93 1 is_stmt 0 view .LVU109
 442 0000 00B5     		push	{lr}
 443              	.LCFI13:
 444              		.cfi_def_cfa_offset 4
 445              		.cfi_offset 14, -4
 446 0002 83B0     		sub	sp, sp, #12
 447              	.LCFI14:
 448              		.cfi_def_cfa_offset 16
 449 0004 0A46     		mov	r2, r1
  94:Application/Drivers/tmc/ic/TMC8462/TMC8462.c **** 	uint8_t buffer = 0;
 450              		.loc 1 94 2 is_stmt 1 view .LVU110
 451              		.loc 1 94 10 is_stmt 0 view .LVU111
 452 0006 0023     		movs	r3, #0
 453 0008 8DF80730 		strb	r3, [sp, #7]
  95:Application/Drivers/tmc/ic/TMC8462/TMC8462.c **** 
  96:Application/Drivers/tmc/ic/TMC8462/TMC8462.c **** 	tmc8462_esc_read_data (tmc8462, &buffer, address, 1);
 454              		.loc 1 96 2 is_stmt 1 view .LVU112
 455 000c 0123     		movs	r3, #1
 456 000e 0DF10701 		add	r1, sp, #7
 457              	.LVL32:
 458              		.loc 1 96 2 is_stmt 0 view .LVU113
 459 0012 FFF7FEFF 		bl	tmc8462_esc_read_data
 460              	.LVL33:
  97:Application/Drivers/tmc/ic/TMC8462/TMC8462.c **** 
  98:Application/Drivers/tmc/ic/TMC8462/TMC8462.c **** 	return buffer;
 461              		.loc 1 98 2 is_stmt 1 view .LVU114
  99:Application/Drivers/tmc/ic/TMC8462/TMC8462.c **** }
 462              		.loc 1 99 1 is_stmt 0 view .LVU115
 463 0016 9DF80700 		ldrb	r0, [sp, #7]	@ zero_extendqisi2
 464 001a 03B0     		add	sp, sp, #12
 465              	.LCFI15:
 466              		.cfi_def_cfa_offset 4
 467              		@ sp needed
 468 001c 5DF804FB 		ldr	pc, [sp], #4
 469              		.cfi_endproc
 470              	.LFE140:
 472              		.section	.text.tmc8462_esc_read_16,"ax",%progbits
 473              		.align	1
 474              		.global	tmc8462_esc_read_16
 475              		.syntax unified
 476              		.thumb
 477              		.thumb_func
 479              	tmc8462_esc_read_16:
ARM GAS  C:\Users\minhp\AppData\Local\Temp\ccue8iiF.s 			page 11


 480              	.LVL34:
 481              	.LFB141:
 100:Application/Drivers/tmc/ic/TMC8462/TMC8462.c **** 
 101:Application/Drivers/tmc/ic/TMC8462/TMC8462.c **** uint16_t tmc8462_esc_read_16(TMC8462TypeDef *tmc8462, uint16_t address)
 102:Application/Drivers/tmc/ic/TMC8462/TMC8462.c **** {
 482              		.loc 1 102 1 is_stmt 1 view -0
 483              		.cfi_startproc
 484              		@ args = 0, pretend = 0, frame = 8
 485              		@ frame_needed = 0, uses_anonymous_args = 0
 486              		.loc 1 102 1 is_stmt 0 view .LVU117
 487 0000 00B5     		push	{lr}
 488              	.LCFI16:
 489              		.cfi_def_cfa_offset 4
 490              		.cfi_offset 14, -4
 491 0002 83B0     		sub	sp, sp, #12
 492              	.LCFI17:
 493              		.cfi_def_cfa_offset 16
 494 0004 0A46     		mov	r2, r1
 103:Application/Drivers/tmc/ic/TMC8462/TMC8462.c **** 	uint8_t data[2];
 495              		.loc 1 103 2 is_stmt 1 view .LVU118
 104:Application/Drivers/tmc/ic/TMC8462/TMC8462.c **** 
 105:Application/Drivers/tmc/ic/TMC8462/TMC8462.c **** 	tmc8462_esc_read_data(tmc8462, data, address, 2);
 496              		.loc 1 105 2 view .LVU119
 497 0006 0223     		movs	r3, #2
 498 0008 01A9     		add	r1, sp, #4
 499              	.LVL35:
 500              		.loc 1 105 2 is_stmt 0 view .LVU120
 501 000a FFF7FEFF 		bl	tmc8462_esc_read_data
 502              	.LVL36:
 106:Application/Drivers/tmc/ic/TMC8462/TMC8462.c **** 
 107:Application/Drivers/tmc/ic/TMC8462/TMC8462.c **** 	return _8_16(data[1], data[0]);
 503              		.loc 1 107 2 is_stmt 1 view .LVU121
 504              		.loc 1 107 9 is_stmt 0 view .LVU122
 505 000e 9DF80500 		ldrb	r0, [sp, #5]	@ zero_extendqisi2
 506 0012 9DF80430 		ldrb	r3, [sp, #4]	@ zero_extendqisi2
 108:Application/Drivers/tmc/ic/TMC8462/TMC8462.c **** }
 507              		.loc 1 108 1 view .LVU123
 508 0016 43EA0020 		orr	r0, r3, r0, lsl #8
 509 001a 03B0     		add	sp, sp, #12
 510              	.LCFI18:
 511              		.cfi_def_cfa_offset 4
 512              		@ sp needed
 513 001c 5DF804FB 		ldr	pc, [sp], #4
 514              		.cfi_endproc
 515              	.LFE141:
 517              		.section	.text.tmc8462_esc_read_32,"ax",%progbits
 518              		.align	1
 519              		.global	tmc8462_esc_read_32
 520              		.syntax unified
 521              		.thumb
 522              		.thumb_func
 524              	tmc8462_esc_read_32:
 525              	.LVL37:
 526              	.LFB142:
 109:Application/Drivers/tmc/ic/TMC8462/TMC8462.c **** 
 110:Application/Drivers/tmc/ic/TMC8462/TMC8462.c **** uint32_t tmc8462_esc_read_32(TMC8462TypeDef *tmc8462, uint16_t address)
 111:Application/Drivers/tmc/ic/TMC8462/TMC8462.c **** {
ARM GAS  C:\Users\minhp\AppData\Local\Temp\ccue8iiF.s 			page 12


 527              		.loc 1 111 1 is_stmt 1 view -0
 528              		.cfi_startproc
 529              		@ args = 0, pretend = 0, frame = 8
 530              		@ frame_needed = 0, uses_anonymous_args = 0
 531              		.loc 1 111 1 is_stmt 0 view .LVU125
 532 0000 00B5     		push	{lr}
 533              	.LCFI19:
 534              		.cfi_def_cfa_offset 4
 535              		.cfi_offset 14, -4
 536 0002 83B0     		sub	sp, sp, #12
 537              	.LCFI20:
 538              		.cfi_def_cfa_offset 16
 539 0004 0A46     		mov	r2, r1
 112:Application/Drivers/tmc/ic/TMC8462/TMC8462.c **** 	uint8_t data[4];
 540              		.loc 1 112 2 is_stmt 1 view .LVU126
 113:Application/Drivers/tmc/ic/TMC8462/TMC8462.c **** 
 114:Application/Drivers/tmc/ic/TMC8462/TMC8462.c **** 	tmc8462_esc_read_data(tmc8462, data, address, 4);
 541              		.loc 1 114 2 view .LVU127
 542 0006 0423     		movs	r3, #4
 543 0008 0DEB0301 		add	r1, sp, r3
 544              	.LVL38:
 545              		.loc 1 114 2 is_stmt 0 view .LVU128
 546 000c FFF7FEFF 		bl	tmc8462_esc_read_data
 547              	.LVL39:
 115:Application/Drivers/tmc/ic/TMC8462/TMC8462.c **** 
 116:Application/Drivers/tmc/ic/TMC8462/TMC8462.c **** 	return _8_32(data[3], data[2], data[1], data[0]);
 548              		.loc 1 116 2 is_stmt 1 view .LVU129
 549              		.loc 1 116 9 is_stmt 0 view .LVU130
 550 0010 9DF80700 		ldrb	r0, [sp, #7]	@ zero_extendqisi2
 551 0014 9DF80630 		ldrb	r3, [sp, #6]	@ zero_extendqisi2
 552 0018 1B04     		lsls	r3, r3, #16
 553 001a 43EA0063 		orr	r3, r3, r0, lsl #24
 554 001e 9DF80500 		ldrb	r0, [sp, #5]	@ zero_extendqisi2
 555 0022 43EA0023 		orr	r3, r3, r0, lsl #8
 556 0026 9DF80400 		ldrb	r0, [sp, #4]	@ zero_extendqisi2
 117:Application/Drivers/tmc/ic/TMC8462/TMC8462.c **** }
 557              		.loc 1 117 1 view .LVU131
 558 002a 1843     		orrs	r0, r0, r3
 559 002c 03B0     		add	sp, sp, #12
 560              	.LCFI21:
 561              		.cfi_def_cfa_offset 4
 562              		@ sp needed
 563 002e 5DF804FB 		ldr	pc, [sp], #4
 564              		.cfi_endproc
 565              	.LFE142:
 567              		.section	.text.tmc8462_esc_write_data,"ax",%progbits
 568              		.align	1
 569              		.global	tmc8462_esc_write_data
 570              		.syntax unified
 571              		.thumb
 572              		.thumb_func
 574              	tmc8462_esc_write_data:
 575              	.LVL40:
 576              	.LFB143:
 118:Application/Drivers/tmc/ic/TMC8462/TMC8462.c **** 
 119:Application/Drivers/tmc/ic/TMC8462/TMC8462.c **** void tmc8462_esc_write_data (TMC8462TypeDef *tmc8462, uint8_t *data_ptr, uint16_t address, uint16_t
 120:Application/Drivers/tmc/ic/TMC8462/TMC8462.c **** {   
ARM GAS  C:\Users\minhp\AppData\Local\Temp\ccue8iiF.s 			page 13


 577              		.loc 1 120 1 is_stmt 1 view -0
 578              		.cfi_startproc
 579              		@ args = 0, pretend = 0, frame = 0
 580              		@ frame_needed = 0, uses_anonymous_args = 0
 581              		.loc 1 120 1 is_stmt 0 view .LVU133
 582 0000 2DE9F041 		push	{r4, r5, r6, r7, r8, lr}
 583              	.LCFI22:
 584              		.cfi_def_cfa_offset 24
 585              		.cfi_offset 4, -24
 586              		.cfi_offset 5, -20
 587              		.cfi_offset 6, -16
 588              		.cfi_offset 7, -12
 589              		.cfi_offset 8, -8
 590              		.cfi_offset 14, -4
 591 0004 0746     		mov	r7, r0
 592 0006 0D46     		mov	r5, r1
 593 0008 9046     		mov	r8, r2
 594 000a 1E46     		mov	r6, r3
 121:Application/Drivers/tmc/ic/TMC8462/TMC8462.c ****    /* Change the CS pin to active state. */
 122:Application/Drivers/tmc/ic/TMC8462/TMC8462.c ****    SpiDma_CsPinChangeState (&spiDmaModule, true);
 595              		.loc 1 122 4 is_stmt 1 view .LVU134
 596 000c 094C     		ldr	r4, .L34
 597 000e 0121     		movs	r1, #1
 598              	.LVL41:
 599              		.loc 1 122 4 is_stmt 0 view .LVU135
 600 0010 2046     		mov	r0, r4
 601              	.LVL42:
 602              		.loc 1 122 4 view .LVU136
 603 0012 FFF7FEFF 		bl	SpiDma_CsPinChangeState
 604              	.LVL43:
 123:Application/Drivers/tmc/ic/TMC8462/TMC8462.c **** 
 124:Application/Drivers/tmc/ic/TMC8462/TMC8462.c **** 	/* Send request write. */
 125:Application/Drivers/tmc/ic/TMC8462/TMC8462.c **** 	tmc8462_esc_write (tmc8462, address);
 605              		.loc 1 125 2 is_stmt 1 view .LVU137
 606 0016 4146     		mov	r1, r8
 607 0018 3846     		mov	r0, r7
 608 001a FFF7FEFF 		bl	tmc8462_esc_write
 609              	.LVL44:
 126:Application/Drivers/tmc/ic/TMC8462/TMC8462.c **** 
 127:Application/Drivers/tmc/ic/TMC8462/TMC8462.c **** 	/* Send data to slave. */
 128:Application/Drivers/tmc/ic/TMC8462/TMC8462.c **** 	SpiDma_write (&spiDmaModule, data_ptr, len);
 610              		.loc 1 128 2 view .LVU138
 611 001e 3246     		mov	r2, r6
 612 0020 2946     		mov	r1, r5
 613 0022 2046     		mov	r0, r4
 614 0024 FFF7FEFF 		bl	SpiDma_write
 615              	.LVL45:
 129:Application/Drivers/tmc/ic/TMC8462/TMC8462.c **** 
 130:Application/Drivers/tmc/ic/TMC8462/TMC8462.c ****    /* Change the CS pin to inactive state. */
 131:Application/Drivers/tmc/ic/TMC8462/TMC8462.c ****    SpiDma_CsPinChangeState (&spiDmaModule, false);
 616              		.loc 1 131 4 view .LVU139
 617 0028 0021     		movs	r1, #0
 618 002a 2046     		mov	r0, r4
 619 002c FFF7FEFF 		bl	SpiDma_CsPinChangeState
 620              	.LVL46:
 132:Application/Drivers/tmc/ic/TMC8462/TMC8462.c **** }
 621              		.loc 1 132 1 is_stmt 0 view .LVU140
ARM GAS  C:\Users\minhp\AppData\Local\Temp\ccue8iiF.s 			page 14


 622 0030 BDE8F081 		pop	{r4, r5, r6, r7, r8, pc}
 623              	.LVL47:
 624              	.L35:
 625              		.loc 1 132 1 view .LVU141
 626              		.align	2
 627              	.L34:
 628 0034 00000000 		.word	spiDmaModule
 629              		.cfi_endproc
 630              	.LFE143:
 632              		.section	.text.tmc8462_esc_write_8,"ax",%progbits
 633              		.align	1
 634              		.global	tmc8462_esc_write_8
 635              		.syntax unified
 636              		.thumb
 637              		.thumb_func
 639              	tmc8462_esc_write_8:
 640              	.LVL48:
 641              	.LFB144:
 133:Application/Drivers/tmc/ic/TMC8462/TMC8462.c **** 
 134:Application/Drivers/tmc/ic/TMC8462/TMC8462.c **** void tmc8462_esc_write_8 (TMC8462TypeDef *tmc8462, uint16_t address, uint8_t value)
 135:Application/Drivers/tmc/ic/TMC8462/TMC8462.c **** {
 642              		.loc 1 135 1 is_stmt 1 view -0
 643              		.cfi_startproc
 644              		@ args = 0, pretend = 0, frame = 8
 645              		@ frame_needed = 0, uses_anonymous_args = 0
 646              		.loc 1 135 1 is_stmt 0 view .LVU143
 647 0000 00B5     		push	{lr}
 648              	.LCFI23:
 649              		.cfi_def_cfa_offset 4
 650              		.cfi_offset 14, -4
 651 0002 83B0     		sub	sp, sp, #12
 652              	.LCFI24:
 653              		.cfi_def_cfa_offset 16
 654 0004 8DF80720 		strb	r2, [sp, #7]
 136:Application/Drivers/tmc/ic/TMC8462/TMC8462.c **** 	tmc8462_esc_write_data (tmc8462, &value, address, 1);
 655              		.loc 1 136 2 is_stmt 1 view .LVU144
 656 0008 0123     		movs	r3, #1
 657 000a 0A46     		mov	r2, r1
 658              	.LVL49:
 659              		.loc 1 136 2 is_stmt 0 view .LVU145
 660 000c 0DF10701 		add	r1, sp, #7
 661              	.LVL50:
 662              		.loc 1 136 2 view .LVU146
 663 0010 FFF7FEFF 		bl	tmc8462_esc_write_data
 664              	.LVL51:
 137:Application/Drivers/tmc/ic/TMC8462/TMC8462.c **** }
 665              		.loc 1 137 1 view .LVU147
 666 0014 03B0     		add	sp, sp, #12
 667              	.LCFI25:
 668              		.cfi_def_cfa_offset 4
 669              		@ sp needed
 670 0016 5DF804FB 		ldr	pc, [sp], #4
 671              		.cfi_endproc
 672              	.LFE144:
 674              		.section	.text.tmc8462_esc_write_16,"ax",%progbits
 675              		.align	1
 676              		.global	tmc8462_esc_write_16
ARM GAS  C:\Users\minhp\AppData\Local\Temp\ccue8iiF.s 			page 15


 677              		.syntax unified
 678              		.thumb
 679              		.thumb_func
 681              	tmc8462_esc_write_16:
 682              	.LVL52:
 683              	.LFB145:
 138:Application/Drivers/tmc/ic/TMC8462/TMC8462.c **** 
 139:Application/Drivers/tmc/ic/TMC8462/TMC8462.c **** void tmc8462_esc_write_16 (TMC8462TypeDef *tmc8462, uint16_t address, uint16_t value)
 140:Application/Drivers/tmc/ic/TMC8462/TMC8462.c **** {
 684              		.loc 1 140 1 is_stmt 1 view -0
 685              		.cfi_startproc
 686              		@ args = 0, pretend = 0, frame = 8
 687              		@ frame_needed = 0, uses_anonymous_args = 0
 688              		.loc 1 140 1 is_stmt 0 view .LVU149
 689 0000 00B5     		push	{lr}
 690              	.LCFI26:
 691              		.cfi_def_cfa_offset 4
 692              		.cfi_offset 14, -4
 693 0002 83B0     		sub	sp, sp, #12
 694              	.LCFI27:
 695              		.cfi_def_cfa_offset 16
 141:Application/Drivers/tmc/ic/TMC8462/TMC8462.c **** 	uint8_t data[2];
 696              		.loc 1 141 2 is_stmt 1 view .LVU150
 142:Application/Drivers/tmc/ic/TMC8462/TMC8462.c **** 
 143:Application/Drivers/tmc/ic/TMC8462/TMC8462.c **** 	data[0] = BYTE(value, 0);
 697              		.loc 1 143 2 view .LVU151
 698              		.loc 1 143 10 is_stmt 0 view .LVU152
 699 0004 8DF80420 		strb	r2, [sp, #4]
 144:Application/Drivers/tmc/ic/TMC8462/TMC8462.c **** 	data[1] = BYTE(value, 1);
 700              		.loc 1 144 2 is_stmt 1 view .LVU153
 701              		.loc 1 144 10 is_stmt 0 view .LVU154
 702 0008 120A     		lsrs	r2, r2, #8
 703              	.LVL53:
 704              		.loc 1 144 10 view .LVU155
 705 000a 8DF80520 		strb	r2, [sp, #5]
 145:Application/Drivers/tmc/ic/TMC8462/TMC8462.c **** 	tmc8462_esc_write_data (tmc8462, data, address, 2);
 706              		.loc 1 145 2 is_stmt 1 view .LVU156
 707 000e 0223     		movs	r3, #2
 708 0010 0A46     		mov	r2, r1
 709 0012 01A9     		add	r1, sp, #4
 710              	.LVL54:
 711              		.loc 1 145 2 is_stmt 0 view .LVU157
 712 0014 FFF7FEFF 		bl	tmc8462_esc_write_data
 713              	.LVL55:
 146:Application/Drivers/tmc/ic/TMC8462/TMC8462.c **** }
 714              		.loc 1 146 1 view .LVU158
 715 0018 03B0     		add	sp, sp, #12
 716              	.LCFI28:
 717              		.cfi_def_cfa_offset 4
 718              		@ sp needed
 719 001a 5DF804FB 		ldr	pc, [sp], #4
 720              		.cfi_endproc
 721              	.LFE145:
 723              		.section	.text.tmc8462_esc_write_32,"ax",%progbits
 724              		.align	1
 725              		.global	tmc8462_esc_write_32
 726              		.syntax unified
ARM GAS  C:\Users\minhp\AppData\Local\Temp\ccue8iiF.s 			page 16


 727              		.thumb
 728              		.thumb_func
 730              	tmc8462_esc_write_32:
 731              	.LVL56:
 732              	.LFB146:
 147:Application/Drivers/tmc/ic/TMC8462/TMC8462.c **** 
 148:Application/Drivers/tmc/ic/TMC8462/TMC8462.c **** void tmc8462_esc_write_32 (TMC8462TypeDef *tmc8462, uint16_t address, uint32_t value)
 149:Application/Drivers/tmc/ic/TMC8462/TMC8462.c **** {
 733              		.loc 1 149 1 is_stmt 1 view -0
 734              		.cfi_startproc
 735              		@ args = 0, pretend = 0, frame = 8
 736              		@ frame_needed = 0, uses_anonymous_args = 0
 737              		.loc 1 149 1 is_stmt 0 view .LVU160
 738 0000 00B5     		push	{lr}
 739              	.LCFI29:
 740              		.cfi_def_cfa_offset 4
 741              		.cfi_offset 14, -4
 742 0002 83B0     		sub	sp, sp, #12
 743              	.LCFI30:
 744              		.cfi_def_cfa_offset 16
 150:Application/Drivers/tmc/ic/TMC8462/TMC8462.c **** 	uint8_t data[4];
 745              		.loc 1 150 2 is_stmt 1 view .LVU161
 151:Application/Drivers/tmc/ic/TMC8462/TMC8462.c **** 
 152:Application/Drivers/tmc/ic/TMC8462/TMC8462.c **** 	data[0] = BYTE(value, 0);
 746              		.loc 1 152 2 view .LVU162
 747              		.loc 1 152 10 is_stmt 0 view .LVU163
 748 0004 8DF80420 		strb	r2, [sp, #4]
 153:Application/Drivers/tmc/ic/TMC8462/TMC8462.c **** 	data[1] = BYTE(value, 1);
 749              		.loc 1 153 2 is_stmt 1 view .LVU164
 750              		.loc 1 153 12 is_stmt 0 view .LVU165
 751 0008 130A     		lsrs	r3, r2, #8
 752              		.loc 1 153 10 view .LVU166
 753 000a 8DF80530 		strb	r3, [sp, #5]
 154:Application/Drivers/tmc/ic/TMC8462/TMC8462.c **** 	data[2] = BYTE(value, 2);
 754              		.loc 1 154 2 is_stmt 1 view .LVU167
 755              		.loc 1 154 12 is_stmt 0 view .LVU168
 756 000e 130C     		lsrs	r3, r2, #16
 757              		.loc 1 154 10 view .LVU169
 758 0010 8DF80630 		strb	r3, [sp, #6]
 155:Application/Drivers/tmc/ic/TMC8462/TMC8462.c **** 	data[3] = BYTE(value, 3);
 759              		.loc 1 155 2 is_stmt 1 view .LVU170
 760              		.loc 1 155 12 is_stmt 0 view .LVU171
 761 0014 120E     		lsrs	r2, r2, #24
 762              	.LVL57:
 763              		.loc 1 155 10 view .LVU172
 764 0016 8DF80720 		strb	r2, [sp, #7]
 156:Application/Drivers/tmc/ic/TMC8462/TMC8462.c **** 	tmc8462_esc_write_data (tmc8462, data, address, 4);
 765              		.loc 1 156 2 is_stmt 1 view .LVU173
 766 001a 0423     		movs	r3, #4
 767 001c 0A46     		mov	r2, r1
 768 001e 0DEB0301 		add	r1, sp, r3
 769              	.LVL58:
 770              		.loc 1 156 2 is_stmt 0 view .LVU174
 771 0022 FFF7FEFF 		bl	tmc8462_esc_write_data
 772              	.LVL59:
 157:Application/Drivers/tmc/ic/TMC8462/TMC8462.c **** }
 773              		.loc 1 157 1 view .LVU175
ARM GAS  C:\Users\minhp\AppData\Local\Temp\ccue8iiF.s 			page 17


 774 0026 03B0     		add	sp, sp, #12
 775              	.LCFI31:
 776              		.cfi_def_cfa_offset 4
 777              		@ sp needed
 778 0028 5DF804FB 		ldr	pc, [sp], #4
 779              		.cfi_endproc
 780              	.LFE146:
 782              		.section	.text.tmc8462_mfc_read_data,"ax",%progbits
 783              		.align	1
 784              		.global	tmc8462_mfc_read_data
 785              		.syntax unified
 786              		.thumb
 787              		.thumb_func
 789              	tmc8462_mfc_read_data:
 790              	.LVL60:
 791              	.LFB147:
 158:Application/Drivers/tmc/ic/TMC8462/TMC8462.c **** 
 159:Application/Drivers/tmc/ic/TMC8462/TMC8462.c **** void tmc8462_mfc_read_data (TMC8462TypeDef *tmc8462, uint8_t *data_ptr, uint16_t address, uint16_t 
 160:Application/Drivers/tmc/ic/TMC8462/TMC8462.c **** {
 792              		.loc 1 160 1 is_stmt 1 view -0
 793              		.cfi_startproc
 794              		@ args = 0, pretend = 0, frame = 0
 795              		@ frame_needed = 0, uses_anonymous_args = 0
 796              		.loc 1 160 1 is_stmt 0 view .LVU177
 797 0000 2DE9F843 		push	{r3, r4, r5, r6, r7, r8, r9, lr}
 798              	.LCFI32:
 799              		.cfi_def_cfa_offset 32
 800              		.cfi_offset 3, -32
 801              		.cfi_offset 4, -28
 802              		.cfi_offset 5, -24
 803              		.cfi_offset 6, -20
 804              		.cfi_offset 7, -16
 805              		.cfi_offset 8, -12
 806              		.cfi_offset 9, -8
 807              		.cfi_offset 14, -4
 808 0004 0746     		mov	r7, r0
 809 0006 0E46     		mov	r6, r1
 810 0008 9046     		mov	r8, r2
 811 000a 1C46     		mov	r4, r3
 161:Application/Drivers/tmc/ic/TMC8462/TMC8462.c ****    uint16_t iter = 0U;
 812              		.loc 1 161 4 is_stmt 1 view .LVU178
 813              	.LVL61:
 162:Application/Drivers/tmc/ic/TMC8462/TMC8462.c ****    uint8_t * tx_dummy_arr = pvPortMalloc(len);
 814              		.loc 1 162 4 view .LVU179
 815              		.loc 1 162 29 is_stmt 0 view .LVU180
 816 000c 1846     		mov	r0, r3
 817              	.LVL62:
 818              		.loc 1 162 29 view .LVU181
 819 000e FFF7FEFF 		bl	pvPortMalloc
 820              	.LVL63:
 821              		.loc 1 162 29 view .LVU182
 822 0012 0546     		mov	r5, r0
 823              	.LVL64:
 163:Application/Drivers/tmc/ic/TMC8462/TMC8462.c **** 
 164:Application/Drivers/tmc/ic/TMC8462/TMC8462.c ****    /* Prepare the tx data dummy. */
 165:Application/Drivers/tmc/ic/TMC8462/TMC8462.c ****    for (iter = 0U; iter < len; iter++)
 824              		.loc 1 165 4 is_stmt 1 view .LVU183
ARM GAS  C:\Users\minhp\AppData\Local\Temp\ccue8iiF.s 			page 18


 825              		.loc 1 165 14 is_stmt 0 view .LVU184
 826 0014 4FF0000C 		mov	ip, #0
 827              		.loc 1 165 4 view .LVU185
 828 0018 06E0     		b	.L43
 829              	.LVL65:
 830              	.L46:
 166:Application/Drivers/tmc/ic/TMC8462/TMC8462.c ****    {
 167:Application/Drivers/tmc/ic/TMC8462/TMC8462.c ****       tx_dummy_arr[iter] = (iter < (len - 1)) ? 0x00 : 0xFF;
 831              		.loc 1 167 26 view .LVU186
 832 001a FF23     		movs	r3, #255
 833              	.L44:
 834              		.loc 1 167 26 discriminator 4 view .LVU187
 835 001c 05F80C30 		strb	r3, [r5, ip]
 165:Application/Drivers/tmc/ic/TMC8462/TMC8462.c ****    {
 836              		.loc 1 165 32 is_stmt 1 discriminator 4 view .LVU188
 165:Application/Drivers/tmc/ic/TMC8462/TMC8462.c ****    {
 837              		.loc 1 165 36 is_stmt 0 discriminator 4 view .LVU189
 838 0020 0CF1010C 		add	ip, ip, #1
 839              	.LVL66:
 165:Application/Drivers/tmc/ic/TMC8462/TMC8462.c ****    {
 840              		.loc 1 165 36 discriminator 4 view .LVU190
 841 0024 1FFA8CFC 		uxth	ip, ip
 842              	.LVL67:
 843              	.L43:
 165:Application/Drivers/tmc/ic/TMC8462/TMC8462.c ****    {
 844              		.loc 1 165 20 is_stmt 1 discriminator 2 view .LVU191
 165:Application/Drivers/tmc/ic/TMC8462/TMC8462.c ****    {
 845              		.loc 1 165 4 is_stmt 0 discriminator 2 view .LVU192
 846 0028 A445     		cmp	ip, r4
 847 002a 04D2     		bcs	.L48
 848              		.loc 1 167 7 is_stmt 1 view .LVU193
 849              		.loc 1 167 41 is_stmt 0 view .LVU194
 850 002c 631E     		subs	r3, r4, #1
 851              		.loc 1 167 26 view .LVU195
 852 002e 9C45     		cmp	ip, r3
 853 0030 F3DA     		bge	.L46
 854 0032 0023     		movs	r3, #0
 855 0034 F2E7     		b	.L44
 856              	.L48:
 168:Application/Drivers/tmc/ic/TMC8462/TMC8462.c ****    }
 169:Application/Drivers/tmc/ic/TMC8462/TMC8462.c ****    
 170:Application/Drivers/tmc/ic/TMC8462/TMC8462.c ****    /* Change the CS pin to active state. */
 171:Application/Drivers/tmc/ic/TMC8462/TMC8462.c ****    SpiDma_CsPinChangeState (&spiDmaModule, true);
 857              		.loc 1 171 4 is_stmt 1 view .LVU196
 858 0036 DFF83090 		ldr	r9, .L49
 859 003a 0121     		movs	r1, #1
 860 003c 4846     		mov	r0, r9
 861              	.LVL68:
 862              		.loc 1 171 4 is_stmt 0 view .LVU197
 863 003e FFF7FEFF 		bl	SpiDma_CsPinChangeState
 864              	.LVL69:
 172:Application/Drivers/tmc/ic/TMC8462/TMC8462.c **** 
 173:Application/Drivers/tmc/ic/TMC8462/TMC8462.c ****    /* Send Read command to address. */
 174:Application/Drivers/tmc/ic/TMC8462/TMC8462.c ****    tmc8462_mfc_read (tmc8462, address);
 865              		.loc 1 174 4 is_stmt 1 view .LVU198
 866 0042 4146     		mov	r1, r8
 867 0044 3846     		mov	r0, r7
ARM GAS  C:\Users\minhp\AppData\Local\Temp\ccue8iiF.s 			page 19


 868 0046 FFF7FEFF 		bl	tmc8462_mfc_read
 869              	.LVL70:
 175:Application/Drivers/tmc/ic/TMC8462/TMC8462.c **** 
 176:Application/Drivers/tmc/ic/TMC8462/TMC8462.c ****    /* Read data. */
 177:Application/Drivers/tmc/ic/TMC8462/TMC8462.c ****    SpiDma_read (&spiDmaModule, data_ptr, tx_dummy_arr, len);
 870              		.loc 1 177 4 view .LVU199
 871 004a 2346     		mov	r3, r4
 872 004c 2A46     		mov	r2, r5
 873 004e 3146     		mov	r1, r6
 874 0050 4846     		mov	r0, r9
 875 0052 FFF7FEFF 		bl	SpiDma_read
 876              	.LVL71:
 178:Application/Drivers/tmc/ic/TMC8462/TMC8462.c **** 
 179:Application/Drivers/tmc/ic/TMC8462/TMC8462.c ****    /* Change the CS pin to inactive state. */
 180:Application/Drivers/tmc/ic/TMC8462/TMC8462.c ****    SpiDma_CsPinChangeState (&spiDmaModule, false);
 877              		.loc 1 180 4 view .LVU200
 878 0056 0021     		movs	r1, #0
 879 0058 4846     		mov	r0, r9
 880 005a FFF7FEFF 		bl	SpiDma_CsPinChangeState
 881              	.LVL72:
 181:Application/Drivers/tmc/ic/TMC8462/TMC8462.c **** 
 182:Application/Drivers/tmc/ic/TMC8462/TMC8462.c ****    /* Free the data. */
 183:Application/Drivers/tmc/ic/TMC8462/TMC8462.c ****    vPortFree (tx_dummy_arr);
 882              		.loc 1 183 4 view .LVU201
 883 005e 2846     		mov	r0, r5
 884 0060 FFF7FEFF 		bl	vPortFree
 885              	.LVL73:
 184:Application/Drivers/tmc/ic/TMC8462/TMC8462.c **** }
 886              		.loc 1 184 1 is_stmt 0 view .LVU202
 887 0064 BDE8F883 		pop	{r3, r4, r5, r6, r7, r8, r9, pc}
 888              	.LVL74:
 889              	.L50:
 890              		.loc 1 184 1 view .LVU203
 891              		.align	2
 892              	.L49:
 893 0068 00000000 		.word	spiDmaModule
 894              		.cfi_endproc
 895              	.LFE147:
 897              		.section	.text.tmc8462_mfc_read_32,"ax",%progbits
 898              		.align	1
 899              		.global	tmc8462_mfc_read_32
 900              		.syntax unified
 901              		.thumb
 902              		.thumb_func
 904              	tmc8462_mfc_read_32:
 905              	.LVL75:
 906              	.LFB148:
 185:Application/Drivers/tmc/ic/TMC8462/TMC8462.c **** 
 186:Application/Drivers/tmc/ic/TMC8462/TMC8462.c **** void tmc8462_mfc_read_32 (TMC8462TypeDef *tmc8462, uint16_t address, uint32_t *value)
 187:Application/Drivers/tmc/ic/TMC8462/TMC8462.c **** {
 907              		.loc 1 187 1 is_stmt 1 view -0
 908              		.cfi_startproc
 909              		@ args = 0, pretend = 0, frame = 8
 910              		@ frame_needed = 0, uses_anonymous_args = 0
 911              		.loc 1 187 1 is_stmt 0 view .LVU205
 912 0000 10B5     		push	{r4, lr}
 913              	.LCFI33:
ARM GAS  C:\Users\minhp\AppData\Local\Temp\ccue8iiF.s 			page 20


 914              		.cfi_def_cfa_offset 8
 915              		.cfi_offset 4, -8
 916              		.cfi_offset 14, -4
 917 0002 82B0     		sub	sp, sp, #8
 918              	.LCFI34:
 919              		.cfi_def_cfa_offset 16
 920 0004 1446     		mov	r4, r2
 188:Application/Drivers/tmc/ic/TMC8462/TMC8462.c **** 	uint8_t data[4];
 921              		.loc 1 188 2 is_stmt 1 view .LVU206
 189:Application/Drivers/tmc/ic/TMC8462/TMC8462.c **** 
 190:Application/Drivers/tmc/ic/TMC8462/TMC8462.c **** 	tmc8462_mfc_read_data(tmc8462, data, address, 4);
 922              		.loc 1 190 2 view .LVU207
 923 0006 0423     		movs	r3, #4
 924 0008 0A46     		mov	r2, r1
 925              	.LVL76:
 926              		.loc 1 190 2 is_stmt 0 view .LVU208
 927 000a 0DEB0301 		add	r1, sp, r3
 928              	.LVL77:
 929              		.loc 1 190 2 view .LVU209
 930 000e FFF7FEFF 		bl	tmc8462_mfc_read_data
 931              	.LVL78:
 191:Application/Drivers/tmc/ic/TMC8462/TMC8462.c **** 
 192:Application/Drivers/tmc/ic/TMC8462/TMC8462.c **** 	*value = _8_32(data[3], data[2], data[1], data[0]);
 932              		.loc 1 192 2 is_stmt 1 view .LVU210
 933              		.loc 1 192 11 is_stmt 0 view .LVU211
 934 0012 9DF80720 		ldrb	r2, [sp, #7]	@ zero_extendqisi2
 935 0016 9DF80630 		ldrb	r3, [sp, #6]	@ zero_extendqisi2
 936 001a 1B04     		lsls	r3, r3, #16
 937 001c 43EA0263 		orr	r3, r3, r2, lsl #24
 938 0020 9DF80520 		ldrb	r2, [sp, #5]	@ zero_extendqisi2
 939 0024 43EA0223 		orr	r3, r3, r2, lsl #8
 940 0028 9DF80420 		ldrb	r2, [sp, #4]	@ zero_extendqisi2
 941 002c 1343     		orrs	r3, r3, r2
 942              		.loc 1 192 9 view .LVU212
 943 002e 2360     		str	r3, [r4]
 193:Application/Drivers/tmc/ic/TMC8462/TMC8462.c **** }
 944              		.loc 1 193 1 view .LVU213
 945 0030 02B0     		add	sp, sp, #8
 946              	.LCFI35:
 947              		.cfi_def_cfa_offset 8
 948              		@ sp needed
 949 0032 10BD     		pop	{r4, pc}
 950              		.loc 1 193 1 view .LVU214
 951              		.cfi_endproc
 952              	.LFE148:
 954              		.section	.text.tmc8462_mfc_read_64,"ax",%progbits
 955              		.align	1
 956              		.global	tmc8462_mfc_read_64
 957              		.syntax unified
 958              		.thumb
 959              		.thumb_func
 961              	tmc8462_mfc_read_64:
 962              	.LVL79:
 963              	.LFB149:
 194:Application/Drivers/tmc/ic/TMC8462/TMC8462.c **** 
 195:Application/Drivers/tmc/ic/TMC8462/TMC8462.c **** void tmc8462_mfc_read_64 (TMC8462TypeDef *tmc8462, uint16_t address, uint64_t *value)
 196:Application/Drivers/tmc/ic/TMC8462/TMC8462.c **** {
ARM GAS  C:\Users\minhp\AppData\Local\Temp\ccue8iiF.s 			page 21


 964              		.loc 1 196 1 is_stmt 1 view -0
 965              		.cfi_startproc
 966              		@ args = 0, pretend = 0, frame = 8
 967              		@ frame_needed = 0, uses_anonymous_args = 0
 968              		.loc 1 196 1 is_stmt 0 view .LVU216
 969 0000 10B5     		push	{r4, lr}
 970              	.LCFI36:
 971              		.cfi_def_cfa_offset 8
 972              		.cfi_offset 4, -8
 973              		.cfi_offset 14, -4
 974 0002 82B0     		sub	sp, sp, #8
 975              	.LCFI37:
 976              		.cfi_def_cfa_offset 16
 977 0004 1446     		mov	r4, r2
 197:Application/Drivers/tmc/ic/TMC8462/TMC8462.c **** 	uint8_t data[8];
 978              		.loc 1 197 2 is_stmt 1 view .LVU217
 198:Application/Drivers/tmc/ic/TMC8462/TMC8462.c **** 
 199:Application/Drivers/tmc/ic/TMC8462/TMC8462.c **** 	tmc8462_mfc_read_data(tmc8462, data, address, 8);
 979              		.loc 1 199 2 view .LVU218
 980 0006 0823     		movs	r3, #8
 981 0008 0A46     		mov	r2, r1
 982              	.LVL80:
 983              		.loc 1 199 2 is_stmt 0 view .LVU219
 984 000a 6946     		mov	r1, sp
 985              	.LVL81:
 986              		.loc 1 199 2 view .LVU220
 987 000c FFF7FEFF 		bl	tmc8462_mfc_read_data
 988              	.LVL82:
 200:Application/Drivers/tmc/ic/TMC8462/TMC8462.c **** 
 201:Application/Drivers/tmc/ic/TMC8462/TMC8462.c **** 	*value = _8_64((uint64_t)data[7], (uint64_t)data[6], (uint64_t)data[5], (uint64_t)data[4], (uint64
 989              		.loc 1 201 2 is_stmt 1 view .LVU221
 990              		.loc 1 201 11 is_stmt 0 view .LVU222
 991 0010 9DF80720 		ldrb	r2, [sp, #7]	@ zero_extendqisi2
 992 0014 9DF80630 		ldrb	r3, [sp, #6]	@ zero_extendqisi2
 993 0018 1B04     		lsls	r3, r3, #16
 994 001a 43EA0263 		orr	r3, r3, r2, lsl #24
 995 001e 9DF80520 		ldrb	r2, [sp, #5]	@ zero_extendqisi2
 996 0022 43EA0223 		orr	r3, r3, r2, lsl #8
 997 0026 9DF80420 		ldrb	r2, [sp, #4]	@ zero_extendqisi2
 998 002a 9DF80300 		ldrb	r0, [sp, #3]	@ zero_extendqisi2
 999 002e 9DF80210 		ldrb	r1, [sp, #2]	@ zero_extendqisi2
 1000 0032 0904     		lsls	r1, r1, #16
 1001 0034 41EA0061 		orr	r1, r1, r0, lsl #24
 1002 0038 9DF80100 		ldrb	r0, [sp, #1]	@ zero_extendqisi2
 1003 003c 41EA0021 		orr	r1, r1, r0, lsl #8
 1004 0040 1343     		orrs	r3, r3, r2
 1005 0042 9DF80020 		ldrb	r2, [sp]	@ zero_extendqisi2
 1006 0046 1143     		orrs	r1, r1, r2
 1007              		.loc 1 201 9 view .LVU223
 1008 0048 2160     		str	r1, [r4]
 1009 004a 6360     		str	r3, [r4, #4]
 202:Application/Drivers/tmc/ic/TMC8462/TMC8462.c **** }
 1010              		.loc 1 202 1 view .LVU224
 1011 004c 02B0     		add	sp, sp, #8
 1012              	.LCFI38:
 1013              		.cfi_def_cfa_offset 8
 1014              		@ sp needed
ARM GAS  C:\Users\minhp\AppData\Local\Temp\ccue8iiF.s 			page 22


 1015 004e 10BD     		pop	{r4, pc}
 1016              		.loc 1 202 1 view .LVU225
 1017              		.cfi_endproc
 1018              	.LFE149:
 1020              		.section	.text.tmc8462_mfc_read_auto,"ax",%progbits
 1021              		.align	1
 1022              		.global	tmc8462_mfc_read_auto
 1023              		.syntax unified
 1024              		.thumb
 1025              		.thumb_func
 1027              	tmc8462_mfc_read_auto:
 1028              	.LVL83:
 1029              	.LFB150:
 203:Application/Drivers/tmc/ic/TMC8462/TMC8462.c **** 
 204:Application/Drivers/tmc/ic/TMC8462/TMC8462.c **** void tmc8462_mfc_read_auto (TMC8462TypeDef *tmc8462, uint16_t address, uint8_t *value)
 205:Application/Drivers/tmc/ic/TMC8462/TMC8462.c **** {
 1030              		.loc 1 205 1 is_stmt 1 view -0
 1031              		.cfi_startproc
 1032              		@ args = 0, pretend = 0, frame = 0
 1033              		@ frame_needed = 0, uses_anonymous_args = 0
 1034              		.loc 1 205 1 is_stmt 0 view .LVU227
 1035 0000 08B5     		push	{r3, lr}
 1036              	.LCFI39:
 1037              		.cfi_def_cfa_offset 8
 1038              		.cfi_offset 3, -8
 1039              		.cfi_offset 14, -4
 1040 0002 8C46     		mov	ip, r1
 1041 0004 1146     		mov	r1, r2
 1042              	.LVL84:
 206:Application/Drivers/tmc/ic/TMC8462/TMC8462.c **** 	if(address == TMC8462_MFC_SPI_RX_DATA || address == TMC8462_MFC_SPI_TX_DATA || address == TMC8462_
 1043              		.loc 1 206 2 is_stmt 1 view .LVU228
 1044              		.loc 1 206 4 is_stmt 0 view .LVU229
 1045 0006 BCF1600F 		cmp	ip, #96
 1046 000a 05D0     		beq	.L56
 1047              		.loc 1 206 40 discriminator 1 view .LVU230
 1048 000c BCF1700F 		cmp	ip, #112
 1049 0010 02D0     		beq	.L56
 1050              		.loc 1 206 78 discriminator 2 view .LVU231
 1051 0012 BCF5207F 		cmp	ip, #640
 1052 0016 04D1     		bne	.L57
 1053              	.L56:
 207:Application/Drivers/tmc/ic/TMC8462/TMC8462.c **** 		// 64 bit
 208:Application/Drivers/tmc/ic/TMC8462/TMC8462.c **** 		tmc8462_mfc_read_data (tmc8462, value, address, 8);
 1054              		.loc 1 208 3 is_stmt 1 view .LVU232
 1055 0018 0823     		movs	r3, #8
 1056 001a 6246     		mov	r2, ip
 1057              	.LVL85:
 1058              		.loc 1 208 3 is_stmt 0 view .LVU233
 1059 001c FFF7FEFF 		bl	tmc8462_mfc_read_data
 1060              	.LVL86:
 1061              	.L55:
 209:Application/Drivers/tmc/ic/TMC8462/TMC8462.c **** 	} else {
 210:Application/Drivers/tmc/ic/TMC8462/TMC8462.c **** 		// 32 bit
 211:Application/Drivers/tmc/ic/TMC8462/TMC8462.c **** 		tmc8462_mfc_read_data (tmc8462, value, address, 4);
 212:Application/Drivers/tmc/ic/TMC8462/TMC8462.c **** 	}
 213:Application/Drivers/tmc/ic/TMC8462/TMC8462.c **** }
 1062              		.loc 1 213 1 view .LVU234
ARM GAS  C:\Users\minhp\AppData\Local\Temp\ccue8iiF.s 			page 23


 1063 0020 08BD     		pop	{r3, pc}
 1064              	.LVL87:
 1065              	.L57:
 211:Application/Drivers/tmc/ic/TMC8462/TMC8462.c **** 	}
 1066              		.loc 1 211 3 is_stmt 1 view .LVU235
 1067 0022 0423     		movs	r3, #4
 1068 0024 6246     		mov	r2, ip
 1069 0026 FFF7FEFF 		bl	tmc8462_mfc_read_data
 1070              	.LVL88:
 1071              		.loc 1 213 1 is_stmt 0 view .LVU236
 1072 002a F9E7     		b	.L55
 1073              		.cfi_endproc
 1074              	.LFE150:
 1076              		.section	.text.tmc8462_mfc_write_data,"ax",%progbits
 1077              		.align	1
 1078              		.global	tmc8462_mfc_write_data
 1079              		.syntax unified
 1080              		.thumb
 1081              		.thumb_func
 1083              	tmc8462_mfc_write_data:
 1084              	.LVL89:
 1085              	.LFB151:
 214:Application/Drivers/tmc/ic/TMC8462/TMC8462.c **** 
 215:Application/Drivers/tmc/ic/TMC8462/TMC8462.c **** void tmc8462_mfc_write_data (TMC8462TypeDef *tmc8462, uint8_t *data_ptr, uint16_t address, uint16_t
 216:Application/Drivers/tmc/ic/TMC8462/TMC8462.c **** {
 1086              		.loc 1 216 1 is_stmt 1 view -0
 1087              		.cfi_startproc
 1088              		@ args = 0, pretend = 0, frame = 0
 1089              		@ frame_needed = 0, uses_anonymous_args = 0
 1090              		.loc 1 216 1 is_stmt 0 view .LVU238
 1091 0000 2DE9F041 		push	{r4, r5, r6, r7, r8, lr}
 1092              	.LCFI40:
 1093              		.cfi_def_cfa_offset 24
 1094              		.cfi_offset 4, -24
 1095              		.cfi_offset 5, -20
 1096              		.cfi_offset 6, -16
 1097              		.cfi_offset 7, -12
 1098              		.cfi_offset 8, -8
 1099              		.cfi_offset 14, -4
 1100 0004 0746     		mov	r7, r0
 1101 0006 0D46     		mov	r5, r1
 1102 0008 9046     		mov	r8, r2
 1103 000a 1E46     		mov	r6, r3
 217:Application/Drivers/tmc/ic/TMC8462/TMC8462.c ****    /* Change the CS pin to active state. */
 218:Application/Drivers/tmc/ic/TMC8462/TMC8462.c ****    SpiDma_CsPinChangeState (&spiDmaModule, true);
 1104              		.loc 1 218 4 is_stmt 1 view .LVU239
 1105 000c 094C     		ldr	r4, .L62
 1106 000e 0121     		movs	r1, #1
 1107              	.LVL90:
 1108              		.loc 1 218 4 is_stmt 0 view .LVU240
 1109 0010 2046     		mov	r0, r4
 1110              	.LVL91:
 1111              		.loc 1 218 4 view .LVU241
 1112 0012 FFF7FEFF 		bl	SpiDma_CsPinChangeState
 1113              	.LVL92:
 219:Application/Drivers/tmc/ic/TMC8462/TMC8462.c **** 
 220:Application/Drivers/tmc/ic/TMC8462/TMC8462.c **** 	/* Send request write. */
ARM GAS  C:\Users\minhp\AppData\Local\Temp\ccue8iiF.s 			page 24


 221:Application/Drivers/tmc/ic/TMC8462/TMC8462.c **** 	tmc8462_esc_write (tmc8462, address);
 1114              		.loc 1 221 2 is_stmt 1 view .LVU242
 1115 0016 4146     		mov	r1, r8
 1116 0018 3846     		mov	r0, r7
 1117 001a FFF7FEFF 		bl	tmc8462_esc_write
 1118              	.LVL93:
 222:Application/Drivers/tmc/ic/TMC8462/TMC8462.c **** 
 223:Application/Drivers/tmc/ic/TMC8462/TMC8462.c **** 	/* Send data to slave. */
 224:Application/Drivers/tmc/ic/TMC8462/TMC8462.c **** 	SpiDma_write (&spiDmaModule, data_ptr, len);
 1119              		.loc 1 224 2 view .LVU243
 1120 001e 3246     		mov	r2, r6
 1121 0020 2946     		mov	r1, r5
 1122 0022 2046     		mov	r0, r4
 1123 0024 FFF7FEFF 		bl	SpiDma_write
 1124              	.LVL94:
 225:Application/Drivers/tmc/ic/TMC8462/TMC8462.c **** 
 226:Application/Drivers/tmc/ic/TMC8462/TMC8462.c ****    /* Change the CS pin to inactive state. */
 227:Application/Drivers/tmc/ic/TMC8462/TMC8462.c ****    SpiDma_CsPinChangeState (&spiDmaModule, false);
 1125              		.loc 1 227 4 view .LVU244
 1126 0028 0021     		movs	r1, #0
 1127 002a 2046     		mov	r0, r4
 1128 002c FFF7FEFF 		bl	SpiDma_CsPinChangeState
 1129              	.LVL95:
 228:Application/Drivers/tmc/ic/TMC8462/TMC8462.c **** }
 1130              		.loc 1 228 1 is_stmt 0 view .LVU245
 1131 0030 BDE8F081 		pop	{r4, r5, r6, r7, r8, pc}
 1132              	.LVL96:
 1133              	.L63:
 1134              		.loc 1 228 1 view .LVU246
 1135              		.align	2
 1136              	.L62:
 1137 0034 00000000 		.word	spiDmaModule
 1138              		.cfi_endproc
 1139              	.LFE151:
 1141              		.section	.text.tmc8462_mfc_write_32,"ax",%progbits
 1142              		.align	1
 1143              		.global	tmc8462_mfc_write_32
 1144              		.syntax unified
 1145              		.thumb
 1146              		.thumb_func
 1148              	tmc8462_mfc_write_32:
 1149              	.LVL97:
 1150              	.LFB152:
 229:Application/Drivers/tmc/ic/TMC8462/TMC8462.c **** 
 230:Application/Drivers/tmc/ic/TMC8462/TMC8462.c **** void tmc8462_mfc_write_32(TMC8462TypeDef *tmc8462, uint16_t address, uint32_t value)
 231:Application/Drivers/tmc/ic/TMC8462/TMC8462.c **** {
 1151              		.loc 1 231 1 is_stmt 1 view -0
 1152              		.cfi_startproc
 1153              		@ args = 0, pretend = 0, frame = 8
 1154              		@ frame_needed = 0, uses_anonymous_args = 0
 1155              		.loc 1 231 1 is_stmt 0 view .LVU248
 1156 0000 00B5     		push	{lr}
 1157              	.LCFI41:
 1158              		.cfi_def_cfa_offset 4
 1159              		.cfi_offset 14, -4
 1160 0002 83B0     		sub	sp, sp, #12
 1161              	.LCFI42:
ARM GAS  C:\Users\minhp\AppData\Local\Temp\ccue8iiF.s 			page 25


 1162              		.cfi_def_cfa_offset 16
 232:Application/Drivers/tmc/ic/TMC8462/TMC8462.c **** 	uint8_t data[4];
 1163              		.loc 1 232 2 is_stmt 1 view .LVU249
 233:Application/Drivers/tmc/ic/TMC8462/TMC8462.c **** 
 234:Application/Drivers/tmc/ic/TMC8462/TMC8462.c **** 	data[0] = BYTE(value, 0);
 1164              		.loc 1 234 2 view .LVU250
 1165              		.loc 1 234 10 is_stmt 0 view .LVU251
 1166 0004 8DF80420 		strb	r2, [sp, #4]
 235:Application/Drivers/tmc/ic/TMC8462/TMC8462.c **** 	data[1] = BYTE(value, 1);
 1167              		.loc 1 235 2 is_stmt 1 view .LVU252
 1168              		.loc 1 235 12 is_stmt 0 view .LVU253
 1169 0008 130A     		lsrs	r3, r2, #8
 1170              		.loc 1 235 10 view .LVU254
 1171 000a 8DF80530 		strb	r3, [sp, #5]
 236:Application/Drivers/tmc/ic/TMC8462/TMC8462.c **** 	data[2] = BYTE(value, 2);
 1172              		.loc 1 236 2 is_stmt 1 view .LVU255
 1173              		.loc 1 236 12 is_stmt 0 view .LVU256
 1174 000e 130C     		lsrs	r3, r2, #16
 1175              		.loc 1 236 10 view .LVU257
 1176 0010 8DF80630 		strb	r3, [sp, #6]
 237:Application/Drivers/tmc/ic/TMC8462/TMC8462.c **** 	data[3] = BYTE(value, 3);
 1177              		.loc 1 237 2 is_stmt 1 view .LVU258
 1178              		.loc 1 237 12 is_stmt 0 view .LVU259
 1179 0014 120E     		lsrs	r2, r2, #24
 1180              	.LVL98:
 1181              		.loc 1 237 10 view .LVU260
 1182 0016 8DF80720 		strb	r2, [sp, #7]
 238:Application/Drivers/tmc/ic/TMC8462/TMC8462.c **** 
 239:Application/Drivers/tmc/ic/TMC8462/TMC8462.c **** 	tmc8462_mfc_write_data(tmc8462, data, address, 4);
 1183              		.loc 1 239 2 is_stmt 1 view .LVU261
 1184 001a 0423     		movs	r3, #4
 1185 001c 0A46     		mov	r2, r1
 1186 001e 0DEB0301 		add	r1, sp, r3
 1187              	.LVL99:
 1188              		.loc 1 239 2 is_stmt 0 view .LVU262
 1189 0022 FFF7FEFF 		bl	tmc8462_mfc_write_data
 1190              	.LVL100:
 240:Application/Drivers/tmc/ic/TMC8462/TMC8462.c **** }
 1191              		.loc 1 240 1 view .LVU263
 1192 0026 03B0     		add	sp, sp, #12
 1193              	.LCFI43:
 1194              		.cfi_def_cfa_offset 4
 1195              		@ sp needed
 1196 0028 5DF804FB 		ldr	pc, [sp], #4
 1197              		.cfi_endproc
 1198              	.LFE152:
 1200              		.section	.text.tmc8462_mfc_write_64,"ax",%progbits
 1201              		.align	1
 1202              		.global	tmc8462_mfc_write_64
 1203              		.syntax unified
 1204              		.thumb
 1205              		.thumb_func
 1207              	tmc8462_mfc_write_64:
 1208              	.LVL101:
 1209              	.LFB153:
 241:Application/Drivers/tmc/ic/TMC8462/TMC8462.c **** 
 242:Application/Drivers/tmc/ic/TMC8462/TMC8462.c **** void tmc8462_mfc_write_64(TMC8462TypeDef *tmc8462, uint16_t address, uint64_t value)
ARM GAS  C:\Users\minhp\AppData\Local\Temp\ccue8iiF.s 			page 26


 243:Application/Drivers/tmc/ic/TMC8462/TMC8462.c **** {
 1210              		.loc 1 243 1 is_stmt 1 view -0
 1211              		.cfi_startproc
 1212              		@ args = 0, pretend = 0, frame = 8
 1213              		@ frame_needed = 0, uses_anonymous_args = 0
 1214              		.loc 1 243 1 is_stmt 0 view .LVU265
 1215 0000 00B5     		push	{lr}
 1216              	.LCFI44:
 1217              		.cfi_def_cfa_offset 4
 1218              		.cfi_offset 14, -4
 1219 0002 83B0     		sub	sp, sp, #12
 1220              	.LCFI45:
 1221              		.cfi_def_cfa_offset 16
 244:Application/Drivers/tmc/ic/TMC8462/TMC8462.c **** 	uint8_t data[8];
 1222              		.loc 1 244 2 is_stmt 1 view .LVU266
 245:Application/Drivers/tmc/ic/TMC8462/TMC8462.c **** 
 246:Application/Drivers/tmc/ic/TMC8462/TMC8462.c **** 	data[0] = BYTE(value, 0);
 1223              		.loc 1 246 2 view .LVU267
 1224              		.loc 1 246 10 is_stmt 0 view .LVU268
 1225 0004 8DF80020 		strb	r2, [sp]
 247:Application/Drivers/tmc/ic/TMC8462/TMC8462.c **** 	data[1] = BYTE(value, 1);
 1226              		.loc 1 247 2 is_stmt 1 view .LVU269
 1227              		.loc 1 247 12 is_stmt 0 view .LVU270
 1228 0008 4FEA122C 		lsr	ip, r2, #8
 1229              		.loc 1 247 10 view .LVU271
 1230 000c 8DF801C0 		strb	ip, [sp, #1]
 248:Application/Drivers/tmc/ic/TMC8462/TMC8462.c **** 	data[2] = BYTE(value, 2);
 1231              		.loc 1 248 2 is_stmt 1 view .LVU272
 1232              		.loc 1 248 12 is_stmt 0 view .LVU273
 1233 0010 4FEA124C 		lsr	ip, r2, #16
 1234              		.loc 1 248 10 view .LVU274
 1235 0014 8DF802C0 		strb	ip, [sp, #2]
 249:Application/Drivers/tmc/ic/TMC8462/TMC8462.c **** 	data[3] = BYTE(value, 3);
 1236              		.loc 1 249 2 is_stmt 1 view .LVU275
 1237              		.loc 1 249 12 is_stmt 0 view .LVU276
 1238 0018 120E     		lsrs	r2, r2, #24
 1239              	.LVL102:
 1240              		.loc 1 249 10 view .LVU277
 1241 001a 8DF80320 		strb	r2, [sp, #3]
 250:Application/Drivers/tmc/ic/TMC8462/TMC8462.c **** 	data[4] = BYTE(value, 4);
 1242              		.loc 1 250 2 is_stmt 1 view .LVU278
 1243              		.loc 1 250 10 is_stmt 0 view .LVU279
 1244 001e 8DF80430 		strb	r3, [sp, #4]
 251:Application/Drivers/tmc/ic/TMC8462/TMC8462.c **** 	data[5] = BYTE(value, 5);
 1245              		.loc 1 251 2 is_stmt 1 view .LVU280
 1246              		.loc 1 251 12 is_stmt 0 view .LVU281
 1247 0022 1A0A     		lsrs	r2, r3, #8
 1248              		.loc 1 251 10 view .LVU282
 1249 0024 8DF80520 		strb	r2, [sp, #5]
 252:Application/Drivers/tmc/ic/TMC8462/TMC8462.c **** 	data[6] = BYTE(value, 6);
 1250              		.loc 1 252 2 is_stmt 1 view .LVU283
 1251              		.loc 1 252 12 is_stmt 0 view .LVU284
 1252 0028 1A0C     		lsrs	r2, r3, #16
 1253              		.loc 1 252 10 view .LVU285
 1254 002a 8DF80620 		strb	r2, [sp, #6]
 253:Application/Drivers/tmc/ic/TMC8462/TMC8462.c **** 	data[7] = BYTE(value, 7);
 1255              		.loc 1 253 2 is_stmt 1 view .LVU286
ARM GAS  C:\Users\minhp\AppData\Local\Temp\ccue8iiF.s 			page 27


 1256              		.loc 1 253 12 is_stmt 0 view .LVU287
 1257 002e 1B0E     		lsrs	r3, r3, #24
 1258              		.loc 1 253 10 view .LVU288
 1259 0030 8DF80730 		strb	r3, [sp, #7]
 254:Application/Drivers/tmc/ic/TMC8462/TMC8462.c **** 
 255:Application/Drivers/tmc/ic/TMC8462/TMC8462.c **** 	tmc8462_mfc_write_data(tmc8462, data, address, 8);
 1260              		.loc 1 255 2 is_stmt 1 view .LVU289
 1261 0034 0823     		movs	r3, #8
 1262 0036 0A46     		mov	r2, r1
 1263 0038 6946     		mov	r1, sp
 1264              	.LVL103:
 1265              		.loc 1 255 2 is_stmt 0 view .LVU290
 1266 003a FFF7FEFF 		bl	tmc8462_mfc_write_data
 1267              	.LVL104:
 256:Application/Drivers/tmc/ic/TMC8462/TMC8462.c **** }
 1268              		.loc 1 256 1 view .LVU291
 1269 003e 03B0     		add	sp, sp, #12
 1270              	.LCFI46:
 1271              		.cfi_def_cfa_offset 4
 1272              		@ sp needed
 1273 0040 5DF804FB 		ldr	pc, [sp], #4
 1274              		.cfi_endproc
 1275              	.LFE153:
 1277              		.section	.text.tmc8462_mfc_write_auto,"ax",%progbits
 1278              		.align	1
 1279              		.global	tmc8462_mfc_write_auto
 1280              		.syntax unified
 1281              		.thumb
 1282              		.thumb_func
 1284              	tmc8462_mfc_write_auto:
 1285              	.LVL105:
 1286              	.LFB154:
 257:Application/Drivers/tmc/ic/TMC8462/TMC8462.c **** 
 258:Application/Drivers/tmc/ic/TMC8462/TMC8462.c **** void tmc8462_mfc_write_auto(TMC8462TypeDef *tmc8462, uint16_t address, uint8_t *value)
 259:Application/Drivers/tmc/ic/TMC8462/TMC8462.c **** {
 1287              		.loc 1 259 1 is_stmt 1 view -0
 1288              		.cfi_startproc
 1289              		@ args = 0, pretend = 0, frame = 0
 1290              		@ frame_needed = 0, uses_anonymous_args = 0
 1291              		.loc 1 259 1 is_stmt 0 view .LVU293
 1292 0000 08B5     		push	{r3, lr}
 1293              	.LCFI47:
 1294              		.cfi_def_cfa_offset 8
 1295              		.cfi_offset 3, -8
 1296              		.cfi_offset 14, -4
 1297 0002 8C46     		mov	ip, r1
 1298 0004 1146     		mov	r1, r2
 1299              	.LVL106:
 260:Application/Drivers/tmc/ic/TMC8462/TMC8462.c **** 	if(address == TMC8462_MFC_SPI_RX_DATA || address == TMC8462_MFC_SPI_TX_DATA || address == TMC8462_
 1300              		.loc 1 260 2 is_stmt 1 view .LVU294
 1301              		.loc 1 260 4 is_stmt 0 view .LVU295
 1302 0006 BCF1600F 		cmp	ip, #96
 1303 000a 05D0     		beq	.L69
 1304              		.loc 1 260 40 discriminator 1 view .LVU296
 1305 000c BCF1700F 		cmp	ip, #112
 1306 0010 02D0     		beq	.L69
 1307              		.loc 1 260 78 discriminator 2 view .LVU297
ARM GAS  C:\Users\minhp\AppData\Local\Temp\ccue8iiF.s 			page 28


 1308 0012 BCF5207F 		cmp	ip, #640
 1309 0016 04D1     		bne	.L70
 1310              	.L69:
 261:Application/Drivers/tmc/ic/TMC8462/TMC8462.c **** 		// 64 bit
 262:Application/Drivers/tmc/ic/TMC8462/TMC8462.c **** 		tmc8462_mfc_write_data(tmc8462, value, address, 8);
 1311              		.loc 1 262 3 is_stmt 1 view .LVU298
 1312 0018 0823     		movs	r3, #8
 1313 001a 6246     		mov	r2, ip
 1314              	.LVL107:
 1315              		.loc 1 262 3 is_stmt 0 view .LVU299
 1316 001c FFF7FEFF 		bl	tmc8462_mfc_write_data
 1317              	.LVL108:
 1318              	.L68:
 263:Application/Drivers/tmc/ic/TMC8462/TMC8462.c **** 	} else {
 264:Application/Drivers/tmc/ic/TMC8462/TMC8462.c **** 		// 32 bit
 265:Application/Drivers/tmc/ic/TMC8462/TMC8462.c **** 		tmc8462_mfc_write_data(tmc8462, value, address, 4);
 266:Application/Drivers/tmc/ic/TMC8462/TMC8462.c **** 	}
 267:Application/Drivers/tmc/ic/TMC8462/TMC8462.c **** }
 1319              		.loc 1 267 1 view .LVU300
 1320 0020 08BD     		pop	{r3, pc}
 1321              	.LVL109:
 1322              	.L70:
 265:Application/Drivers/tmc/ic/TMC8462/TMC8462.c **** 	}
 1323              		.loc 1 265 3 is_stmt 1 view .LVU301
 1324 0022 0423     		movs	r3, #4
 1325 0024 6246     		mov	r2, ip
 1326 0026 FFF7FEFF 		bl	tmc8462_mfc_write_data
 1327              	.LVL110:
 1328              		.loc 1 267 1 is_stmt 0 view .LVU302
 1329 002a F9E7     		b	.L68
 1330              		.cfi_endproc
 1331              	.LFE154:
 1333              		.section	.text.tmc8462_initConfig,"ax",%progbits
 1334              		.align	1
 1335              		.global	tmc8462_initConfig
 1336              		.syntax unified
 1337              		.thumb
 1338              		.thumb_func
 1340              	tmc8462_initConfig:
 1341              	.LVL111:
 1342              	.LFB155:
 268:Application/Drivers/tmc/ic/TMC8462/TMC8462.c **** 
 269:Application/Drivers/tmc/ic/TMC8462/TMC8462.c **** void tmc8462_initConfig(TMC8462TypeDef *tmc8462, ConfigurationTypeDef *tmc8462_config_esc, Configur
 270:Application/Drivers/tmc/ic/TMC8462/TMC8462.c **** {
 1343              		.loc 1 270 1 is_stmt 1 view -0
 1344              		.cfi_startproc
 1345              		@ args = 0, pretend = 0, frame = 0
 1346              		@ frame_needed = 0, uses_anonymous_args = 0
 1347              		.loc 1 270 1 is_stmt 0 view .LVU304
 1348 0000 10B5     		push	{r4, lr}
 1349              	.LCFI48:
 1350              		.cfi_def_cfa_offset 8
 1351              		.cfi_offset 4, -8
 1352              		.cfi_offset 14, -4
 1353 0002 0446     		mov	r4, r0
 271:Application/Drivers/tmc/ic/TMC8462/TMC8462.c **** 	tmc8462->config_esc = tmc8462_config_esc;
 1354              		.loc 1 271 2 is_stmt 1 view .LVU305
ARM GAS  C:\Users\minhp\AppData\Local\Temp\ccue8iiF.s 			page 29


 1355              		.loc 1 271 22 is_stmt 0 view .LVU306
 1356 0004 0160     		str	r1, [r0]
 272:Application/Drivers/tmc/ic/TMC8462/TMC8462.c **** 	tmc8462->config_mfc = tmc8462_config_mfc;
 1357              		.loc 1 272 2 is_stmt 1 view .LVU307
 1358              		.loc 1 272 22 is_stmt 0 view .LVU308
 1359 0006 4260     		str	r2, [r0, #4]
 273:Application/Drivers/tmc/ic/TMC8462/TMC8462.c **** 
 274:Application/Drivers/tmc/ic/TMC8462/TMC8462.c **** 	while(TMC8462_FIELD_READ(tmc8462, tmc8462_esc_read_16, TMC8462_ESC_PDI_CTRL, TMC8462_ESC_PDI_MODE_
 1360              		.loc 1 274 2 is_stmt 1 view .LVU309
 1361              	.LVL112:
 1362              	.L74:
 1363              		.loc 1 274 159 discriminator 1 view .LVU310
 1364              		.loc 1 274 7 discriminator 1 view .LVU311
 1365              		.loc 1 274 8 is_stmt 0 discriminator 1 view .LVU312
 1366 0008 4FF4A071 		mov	r1, #320
 1367 000c 2046     		mov	r0, r4
 1368 000e FFF7FEFF 		bl	tmc8462_esc_read_16
 1369              	.LVL113:
 1370              		.loc 1 274 7 discriminator 1 view .LVU313
 1371 0012 C0B2     		uxtb	r0, r0
 1372 0014 0528     		cmp	r0, #5
 1373 0016 F7D1     		bne	.L74
 275:Application/Drivers/tmc/ic/TMC8462/TMC8462.c **** 	tmc8462_esc_write_16(tmc8462, TMC8462_ESC_AL_STATUS, FIELD_SET(TMC8462_EC_STATE_INIT, TMC8462_ESC_
 1374              		.loc 1 275 2 is_stmt 1 view .LVU314
 1375 0018 1122     		movs	r2, #17
 1376 001a 4FF49871 		mov	r1, #304
 1377 001e 2046     		mov	r0, r4
 1378 0020 FFF7FEFF 		bl	tmc8462_esc_write_16
 1379              	.LVL114:
 276:Application/Drivers/tmc/ic/TMC8462/TMC8462.c **** 	tmc8462_esc_write_16(tmc8462, TMC8462_ESC_AL_CODE, 0x0000);
 1380              		.loc 1 276 2 view .LVU315
 1381 0024 0022     		movs	r2, #0
 1382 0026 4FF49A71 		mov	r1, #308
 1383 002a 2046     		mov	r0, r4
 1384 002c FFF7FEFF 		bl	tmc8462_esc_write_16
 1385              	.LVL115:
 277:Application/Drivers/tmc/ic/TMC8462/TMC8462.c **** 	tmc8462_esc_write_16(tmc8462, TMC8462_ESC_AL_EVENT_MASK_LO, 0xFF0E);
 1386              		.loc 1 277 2 view .LVU316
 1387 0030 4FF60E72 		movw	r2, #65294
 1388 0034 4FF40171 		mov	r1, #516
 1389 0038 2046     		mov	r0, r4
 1390 003a FFF7FEFF 		bl	tmc8462_esc_write_16
 1391              	.LVL116:
 278:Application/Drivers/tmc/ic/TMC8462/TMC8462.c **** }...
 1392              		.loc 1 278 1 is_stmt 0 view .LVU317
 1393 003e 10BD     		pop	{r4, pc}
 1394              		.loc 1 278 1 view .LVU318
 1395              		.cfi_endproc
 1396              	.LFE155:
 1398              		.section	.rodata
 1399              		.align	2
 1400              		.set	.LANCHOR0,. + 0
 1401              	.LC0:
 1402 0000 0000     		.ascii	"\000\000"
 1403 0002 00       		.space	1
 1404              		.text
 1405              	.Letext0:
ARM GAS  C:\Users\minhp\AppData\Local\Temp\ccue8iiF.s 			page 30


 1406              		.file 2 "c:\\program files (x86)\\gnu arm embedded toolchain\\10 2021.10\\arm-none-eabi\\include\\
 1407              		.file 3 "c:\\program files (x86)\\gnu arm embedded toolchain\\10 2021.10\\arm-none-eabi\\include\\
 1408              		.file 4 "Application/Drivers/tmc/helpers/Config.h"
 1409              		.file 5 "Application/Drivers/tmc/ic/TMC8462/TMC8462.h"
 1410              		.file 6 "Drivers/CMSIS/Device/ST/STM32F4xx/Include/stm32f411xe.h"
 1411              		.file 7 "Drivers/STM32F4xx_HAL_Driver/Inc/stm32f4xx_hal_def.h"
 1412              		.file 8 "Drivers/STM32F4xx_HAL_Driver/Inc/stm32f4xx_hal_gpio.h"
 1413              		.file 9 "Drivers/STM32F4xx_HAL_Driver/Inc/stm32f4xx_hal_dma.h"
 1414              		.file 10 "Drivers/STM32F4xx_HAL_Driver/Inc/stm32f4xx_hal_spi.h"
 1415              		.file 11 "Application/Drivers/spiDma/spiDma.h"
 1416              		.file 12 "Middlewares/Third_Party/FreeRTOS/Source/include/portable.h"
ARM GAS  C:\Users\minhp\AppData\Local\Temp\ccue8iiF.s 			page 31


DEFINED SYMBOLS
                            *ABS*:00000000 TMC8462.c
C:\Users\minhp\AppData\Local\Temp\ccue8iiF.s:20     .text.tmc8462_esc_read:00000000 $t
C:\Users\minhp\AppData\Local\Temp\ccue8iiF.s:26     .text.tmc8462_esc_read:00000000 tmc8462_esc_read
C:\Users\minhp\AppData\Local\Temp\ccue8iiF.s:89     .text.tmc8462_esc_read:00000040 $d
C:\Users\minhp\AppData\Local\Temp\ccue8iiF.s:94     .text.tmc8462_esc_write:00000000 $t
C:\Users\minhp\AppData\Local\Temp\ccue8iiF.s:100    .text.tmc8462_esc_write:00000000 tmc8462_esc_write
C:\Users\minhp\AppData\Local\Temp\ccue8iiF.s:161    .text.tmc8462_esc_write:00000044 $d
C:\Users\minhp\AppData\Local\Temp\ccue8iiF.s:167    .text.tmc8462_mfc_read:00000000 $t
C:\Users\minhp\AppData\Local\Temp\ccue8iiF.s:173    .text.tmc8462_mfc_read:00000000 tmc8462_mfc_read
C:\Users\minhp\AppData\Local\Temp\ccue8iiF.s:235    .text.tmc8462_mfc_read:00000040 $d
C:\Users\minhp\AppData\Local\Temp\ccue8iiF.s:240    .text.tmc8462_mfc_write:00000000 $t
C:\Users\minhp\AppData\Local\Temp\ccue8iiF.s:246    .text.tmc8462_mfc_write:00000000 tmc8462_mfc_write
C:\Users\minhp\AppData\Local\Temp\ccue8iiF.s:307    .text.tmc8462_mfc_write:00000044 $d
C:\Users\minhp\AppData\Local\Temp\ccue8iiF.s:313    .text.tmc8462_esc_read_data:00000000 $t
C:\Users\minhp\AppData\Local\Temp\ccue8iiF.s:319    .text.tmc8462_esc_read_data:00000000 tmc8462_esc_read_data
C:\Users\minhp\AppData\Local\Temp\ccue8iiF.s:423    .text.tmc8462_esc_read_data:00000068 $d
C:\Users\minhp\AppData\Local\Temp\ccue8iiF.s:428    .text.tmc8462_esc_read_8:00000000 $t
C:\Users\minhp\AppData\Local\Temp\ccue8iiF.s:434    .text.tmc8462_esc_read_8:00000000 tmc8462_esc_read_8
C:\Users\minhp\AppData\Local\Temp\ccue8iiF.s:473    .text.tmc8462_esc_read_16:00000000 $t
C:\Users\minhp\AppData\Local\Temp\ccue8iiF.s:479    .text.tmc8462_esc_read_16:00000000 tmc8462_esc_read_16
C:\Users\minhp\AppData\Local\Temp\ccue8iiF.s:518    .text.tmc8462_esc_read_32:00000000 $t
C:\Users\minhp\AppData\Local\Temp\ccue8iiF.s:524    .text.tmc8462_esc_read_32:00000000 tmc8462_esc_read_32
C:\Users\minhp\AppData\Local\Temp\ccue8iiF.s:568    .text.tmc8462_esc_write_data:00000000 $t
C:\Users\minhp\AppData\Local\Temp\ccue8iiF.s:574    .text.tmc8462_esc_write_data:00000000 tmc8462_esc_write_data
C:\Users\minhp\AppData\Local\Temp\ccue8iiF.s:628    .text.tmc8462_esc_write_data:00000034 $d
C:\Users\minhp\AppData\Local\Temp\ccue8iiF.s:633    .text.tmc8462_esc_write_8:00000000 $t
C:\Users\minhp\AppData\Local\Temp\ccue8iiF.s:639    .text.tmc8462_esc_write_8:00000000 tmc8462_esc_write_8
C:\Users\minhp\AppData\Local\Temp\ccue8iiF.s:675    .text.tmc8462_esc_write_16:00000000 $t
C:\Users\minhp\AppData\Local\Temp\ccue8iiF.s:681    .text.tmc8462_esc_write_16:00000000 tmc8462_esc_write_16
C:\Users\minhp\AppData\Local\Temp\ccue8iiF.s:724    .text.tmc8462_esc_write_32:00000000 $t
C:\Users\minhp\AppData\Local\Temp\ccue8iiF.s:730    .text.tmc8462_esc_write_32:00000000 tmc8462_esc_write_32
C:\Users\minhp\AppData\Local\Temp\ccue8iiF.s:783    .text.tmc8462_mfc_read_data:00000000 $t
C:\Users\minhp\AppData\Local\Temp\ccue8iiF.s:789    .text.tmc8462_mfc_read_data:00000000 tmc8462_mfc_read_data
C:\Users\minhp\AppData\Local\Temp\ccue8iiF.s:893    .text.tmc8462_mfc_read_data:00000068 $d
C:\Users\minhp\AppData\Local\Temp\ccue8iiF.s:898    .text.tmc8462_mfc_read_32:00000000 $t
C:\Users\minhp\AppData\Local\Temp\ccue8iiF.s:904    .text.tmc8462_mfc_read_32:00000000 tmc8462_mfc_read_32
C:\Users\minhp\AppData\Local\Temp\ccue8iiF.s:955    .text.tmc8462_mfc_read_64:00000000 $t
C:\Users\minhp\AppData\Local\Temp\ccue8iiF.s:961    .text.tmc8462_mfc_read_64:00000000 tmc8462_mfc_read_64
C:\Users\minhp\AppData\Local\Temp\ccue8iiF.s:1021   .text.tmc8462_mfc_read_auto:00000000 $t
C:\Users\minhp\AppData\Local\Temp\ccue8iiF.s:1027   .text.tmc8462_mfc_read_auto:00000000 tmc8462_mfc_read_auto
C:\Users\minhp\AppData\Local\Temp\ccue8iiF.s:1077   .text.tmc8462_mfc_write_data:00000000 $t
C:\Users\minhp\AppData\Local\Temp\ccue8iiF.s:1083   .text.tmc8462_mfc_write_data:00000000 tmc8462_mfc_write_data
C:\Users\minhp\AppData\Local\Temp\ccue8iiF.s:1137   .text.tmc8462_mfc_write_data:00000034 $d
C:\Users\minhp\AppData\Local\Temp\ccue8iiF.s:1142   .text.tmc8462_mfc_write_32:00000000 $t
C:\Users\minhp\AppData\Local\Temp\ccue8iiF.s:1148   .text.tmc8462_mfc_write_32:00000000 tmc8462_mfc_write_32
C:\Users\minhp\AppData\Local\Temp\ccue8iiF.s:1201   .text.tmc8462_mfc_write_64:00000000 $t
C:\Users\minhp\AppData\Local\Temp\ccue8iiF.s:1207   .text.tmc8462_mfc_write_64:00000000 tmc8462_mfc_write_64
C:\Users\minhp\AppData\Local\Temp\ccue8iiF.s:1278   .text.tmc8462_mfc_write_auto:00000000 $t
C:\Users\minhp\AppData\Local\Temp\ccue8iiF.s:1284   .text.tmc8462_mfc_write_auto:00000000 tmc8462_mfc_write_auto
C:\Users\minhp\AppData\Local\Temp\ccue8iiF.s:1334   .text.tmc8462_initConfig:00000000 $t
C:\Users\minhp\AppData\Local\Temp\ccue8iiF.s:1340   .text.tmc8462_initConfig:00000000 tmc8462_initConfig
C:\Users\minhp\AppData\Local\Temp\ccue8iiF.s:1399   .rodata:00000000 $d

UNDEFINED SYMBOLS
SpiDma_write
spiDmaModule
ARM GAS  C:\Users\minhp\AppData\Local\Temp\ccue8iiF.s 			page 32


pvPortMalloc
SpiDma_CsPinChangeState
SpiDma_read
vPortFree
